Saving models...
Image: 0 (3.26s) | Score: -855.761 (Repetitions: 0) | Time steps: 62 | Learning steps: 0
First 10 actions: [14, 2, 9, 8, 4, 5, 11, 14, 4, 6]
Rewards of actions: ['0.00', '0.00', '27.23', '0.00', '9.27', '9.22', '12.95', '-20.00', '-20.00', '0.00']
Saving models...
Image: 1 (15.16s) | Score: -662.873 (Repetitions: 0) | Time steps: 113 | Learning steps: 1
First 10 actions: [6, 0, 14, 14, 4, 14, 9, 13, 0, 2]
Rewards of actions: ['0.00', '0.00', '0.00', '-20.00', '9.27', '-20.00', '11.67', '0.00', '-20.00', '0.00']
Saving models...
Image: 2 (14.30s) | Score: -634.810 (Repetitions: 0) | Time steps: 163 | Learning steps: 2
First 10 actions: [14, 1, 14, 12, 11, 0, 6, 7, 5, 14]
Rewards of actions: ['0.00', '0.00', '-20.00', '14.35', '18.13', '0.00', '0.00', '0.00', '6.15', '-20.00']
Saving models...
Image: 3 (2.35s) | Score: -557.753 (Repetitions: 0) | Time steps: 209 | Learning steps: 2
First 10 actions: [2, 4, 4, 0, 8, 1, 0, 0, 12, 7]
Rewards of actions: ['0.00', '23.17', '-20.00', '0.00', '0.00', '0.00', '-20.00', '-20.00', '6.38', '0.00']
Image: 4 (14.43s) | Score: -614.606 (Repetitions: 0) | Time steps: 263 | Learning steps: 3
First 10 actions: [11, 15, 5, 10, 10, 14, 9, 0, 5, 6]
Rewards of actions: ['90.67', '0.00', '18.44', '22.34', '-20.00', '0.00', '11.67', '0.00', '-20.00', '0.00']
Image: 5 (15.56s) | Score: -1237.673 (Repetitions: 0) | Time steps: 345 | Learning steps: 4
First 10 actions: [8, 11, 11, 14, 10, 3, 1, 11, 3, 5]
Rewards of actions: ['0.00', '45.33', '-20.00', '0.00', '17.87', '0.00', '0.00', '-20.00', '-20.00', '5.53']
Saving models...
Image: 6 (2.09s) | Score: -330.550 (Repetitions: 0) | Time steps: 384 | Learning steps: 4
First 10 actions: [12, 11, 4, 4, 12, 4, 1, 0, 15, 0]
Rewards of actions: ['57.41', '45.33', '15.44', '-20.00', '-20.00', '-20.00', '0.00', '0.00', '0.00', '-20.00']
Image: 7 (14.80s) | Score: -835.388 (Repetitions: 0) | Time steps: 447 | Learning steps: 5
First 10 actions: [10, 8, 6, 3, 7, 15, 6, 5, 13, 6]
Rewards of actions: ['89.37', '0.00', '0.00', '0.00', '0.00', '0.00', '-20.00', '6.92', '0.00', '-20.00']
Image: 8 (14.14s) | Score: -342.336 (Repetitions: 0) | Time steps: 482 | Learning steps: 6
First 10 actions: [14, 3, 7, 0, 11, 3, 3, 7, 5, 1]
Rewards of actions: ['0.00', '0.00', '0.00', '0.00', '18.13', '-20.00', '-20.00', '-20.00', '6.15', '0.00']
Image: 9 (2.68s) | Score: -792.585 (Repetitions: 0) | Time steps: 539 | Learning steps: 6
First 10 actions: [1, 2, 3, 6, 2, 4, 7, 7, 0, 4]
Rewards of actions: ['0.00', '0.00', '0.00', '0.00', '-20.00', '7.72', '0.00', '-20.00', '0.00', '-20.00']
Image: 10 (14.06s) | Score: -528.823 (Repetitions: 0) | Time steps: 586 | Learning steps: 7
First 10 actions: [4, 0, 6, 11, 1, 0, 11, 9, 12, 9]
Rewards of actions: ['46.33', '0.00', '0.00', '22.67', '0.00', '-20.00', '-20.00', '10.21', '6.38', '-20.00']
Image: 11 (2.33s) | Score: -533.945 (Repetitions: 0) | Time steps: 632 | Learning steps: 7
First 10 actions: [2, 10, 3, 3, 14, 13, 13, 3, 2, 3]
Rewards of actions: ['0.00', '44.68', '0.00', '-20.00', '0.00', '0.00', '-20.00', '-20.00', '-20.00', '-20.00']
Image: 12 (14.47s) | Score: -732.298 (Repetitions: 0) | Time steps: 691 | Learning steps: 8
First 10 actions: [4, 9, 7, 11, 12, 9, 2, 11, 4, 15]
Rewards of actions: ['46.33', '40.84', '0.00', '22.67', '11.48', '-20.00', '0.00', '-20.00', '-20.00', '0.00']
Image: 13 (15.16s) | Score: -929.071 (Repetitions: 0) | Time steps: 759 | Learning steps: 9
First 10 actions: [12, 13, 5, 9, 6, 9, 7, 12, 10, 0]
Rewards of actions: ['57.41', '0.00', '18.44', '20.42', '0.00', '-20.00', '0.00', '-20.00', '9.93', '0.00']
Image: 14 (14.26s) | Score: -621.501 (Repetitions: 0) | Time steps: 808 | Learning steps: 10
First 10 actions: [2, 6, 3, 1, 12, 7, 0, 7, 14, 11]
Rewards of actions: ['0.00', '0.00', '0.00', '0.00', '11.48', '0.00', '0.00', '-20.00', '0.00', '9.07']
Image: 15 (2.31s) | Score: -545.339 (Repetitions: 0) | Time steps: 853 | Learning steps: 10
First 10 actions: [0, 8, 8, 13, 5, 3, 4, 4, 1, 13]
Rewards of actions: ['0.00', '0.00', '-20.00', '0.00', '11.07', '0.00', '6.62', '-20.00', '0.00', '-20.00']
Image: 16 (16.91s) | Score: -1606.655 (Repetitions: 0) | Time steps: 956 | Learning steps: 11
First 10 actions: [11, 0, 4, 6, 12, 7, 12, 11, 10, 8]
Rewards of actions: ['90.67', '0.00', '15.44', '0.00', '11.48', '0.00', '-20.00', '-20.00', '9.93', '0.00']
Image: 17 (14.90s) | Score: -572.730 (Repetitions: 0) | Time steps: 1005 | Learning steps: 12
First 10 actions: [15, 5, 11, 13, 6, 10, 5, 7, 9, 3]
Rewards of actions: ['0.00', '27.66', '30.22', '0.00', '0.00', '14.89', '-20.00', '0.00', '9.08', '0.00']
Image: 18 (14.60s) | Score: -775.231 (Repetitions: 0) | Time steps: 1063 | Learning steps: 13
First 10 actions: [3, 14, 9, 11, 3, 15, 0, 9, 4, 13]
Rewards of actions: ['0.00', '0.00', '27.23', '22.67', '-20.00', '0.00', '0.00', '-20.00', '5.15', '0.00']
Image: 19 (2.13s) | Score: -442.767 (Repetitions: 0) | Time steps: 1103 | Learning steps: 13
First 10 actions: [14, 13, 7, 7, 6, 12, 15, 14, 10, 11]
Rewards of actions: ['0.00', '0.00', '0.00', '-20.00', '0.00', '9.57', '0.00', '-20.00', '9.93', '9.07']
Image: 20 (14.90s) | Score: -1187.609 (Repetitions: 0) | Time steps: 1180 | Learning steps: 14
First 10 actions: [6, 7, 8, 7, 5, 8, 11, 6, 7, 7]
Rewards of actions: ['0.00', '0.00', '0.00', '-20.00', '11.07', '-20.00', '12.95', '-20.00', '-20.00', '-20.00']
Image: 21 (14.00s) | Score: -403.681 (Repetitions: 0) | Time steps: 1220 | Learning steps: 15
First 10 actions: [4, 0, 7, 1, 14, 11, 4, 13, 3, 7]
Rewards of actions: ['46.33', '0.00', '0.00', '0.00', '0.00', '15.11', '-20.00', '0.00', '0.00', '-20.00']
Image: 22 (1.97s) | Score: -378.512 (Repetitions: 0) | Time steps: 1257 | Learning steps: 15
First 10 actions: [3, 8, 8, 15, 0, 9, 5, 3, 10, 1]
Rewards of actions: ['0.00', '0.00', '-20.00', '0.00', '0.00', '13.61', '7.90', '-20.00', '9.93', '0.00']
Saving models...
Image: 23 (13.80s) | Score: -258.419 (Repetitions: 0) | Time steps: 1291 | Learning steps: 16
First 10 actions: [9, 8, 3, 2, 6, 9, 15, 2, 0, 3]
Rewards of actions: ['81.68', '0.00', '0.00', '0.00', '0.00', '-20.00', '0.00', '-20.00', '0.00', '-20.00']
Saving models...
Image: 24 (1.83s) | Score: -209.633 (Repetitions: 0) | Time steps: 1323 | Learning steps: 16
First 10 actions: [5, 1, 4, 2, 9, 0, 0, 1, 11, 12]
Rewards of actions: ['55.33', '0.00', '15.44', '0.00', '16.34', '0.00', '-20.00', '-20.00', '10.07', '5.74']
Image: 25 (13.84s) | Score: -252.725 (Repetitions: 0) | Time steps: 1360 | Learning steps: 17
First 10 actions: [11, 12, 5, 10, 14, 2, 7, 7, 3, 1]
Rewards of actions: ['90.67', '28.70', '18.44', '22.34', '0.00', '0.00', '0.00', '-20.00', '0.00', '0.00']
Saving models...
Image: 26 (1.68s) | Score: -157.769 (Repetitions: 0) | Time steps: 1388 | Learning steps: 17
First 10 actions: [4, 14, 13, 1, 5, 3, 0, 14, 9, 10]
Rewards of actions: ['46.33', '0.00', '0.00', '0.00', '11.07', '0.00', '0.00', '-20.00', '9.08', '8.94']
Saving models...
Image: 27 (1.56s) | Score: -38.984 (Repetitions: 0) | Time steps: 1412 | Learning steps: 17
First 10 actions: [5, 10, 1, 8, 13, 0, 5, 10, 6, 4]
Rewards of actions: ['55.33', '44.68', '0.00', '0.00', '0.00', '0.00', '-20.00', '-20.00', '0.00', '4.63']
Image: 28 (13.68s) | Score: -192.713 (Repetitions: 0) | Time steps: 1444 | Learning steps: 18
First 10 actions: [4, 11, 1, 6, 5, 10, 4, 6, 8, 13]
Rewards of actions: ['46.33', '45.33', '0.00', '0.00', '11.07', '14.89', '-20.00', '-20.00', '0.00', '0.00']
Image: 29 (1.58s) | Score: -129.332 (Repetitions: 0) | Time steps: 1469 | Learning steps: 18
First 10 actions: [2, 13, 3, 4, 9, 8, 7, 5, 1, 5]
Rewards of actions: ['0.00', '0.00', '0.00', '11.58', '16.34', '0.00', '0.00', '6.92', '0.00', '-20.00']
Image: 30 (1.81s) | Score: -250.224 (Repetitions: 0) | Time steps: 1501 | Learning steps: 18
First 10 actions: [6, 5, 12, 1, 2, 4, 3, 4, 15, 7]
Rewards of actions: ['0.00', '27.66', '19.14', '0.00', '0.00', '7.72', '0.00', '-20.00', '0.00', '0.00']
Image: 31 (13.49s) | Score: -147.582 (Repetitions: 0) | Time steps: 1530 | Learning steps: 19
First 10 actions: [12, 3, 9, 4, 14, 6, 13, 14, 5, 5]
Rewards of actions: ['57.41', '0.00', '27.23', '11.58', '0.00', '0.00', '0.00', '-20.00', '6.15', '-20.00']
Image: 32 (1.41s) | Score: -48.212 (Repetitions: 0) | Time steps: 1551 | Learning steps: 19
First 10 actions: [0, 6, 2, 5, 9, 8, 15, 3, 1, 4]
Rewards of actions: ['0.00', '0.00', '0.00', '13.83', '16.34', '0.00', '0.00', '0.00', '0.00', '4.63']
Saving models...
Image: 33 (1.35s) | Score: 13.049 (Repetitions: 0) | Time steps: 1570 | Learning steps: 19
First 10 actions: [6, 4, 0, 5, 8, 9, 14, 12, 10, 15]
Rewards of actions: ['0.00', '23.17', '0.00', '13.83', '0.00', '13.61', '0.00', '7.18', '9.93', '0.00']
Image: 34 (1.54s) | Score: -29.701 (Repetitions: 0) | Time steps: 1595 | Learning steps: 19
First 10 actions: [11, 5, 4, 13, 6, 1, 8, 15, 10, 7]
Rewards of actions: ['90.67', '27.66', '15.44', '0.00', '0.00', '0.00', '0.00', '0.00', '9.93', '0.00']
Image: 35 (13.12s) | Score: -12.831 (Repetitions: 0) | Time steps: 1616 | Learning steps: 20
First 10 actions: [5, 8, 1, 13, 4, 14, 2, 6, 11, 3]
Rewards of actions: ['55.33', '0.00', '0.00', '0.00', '9.27', '0.00', '0.00', '0.00', '10.07', '0.00']
Image: 36 (1.69s) | Score: -83.887 (Repetitions: 0) | Time steps: 1641 | Learning steps: 20
First 10 actions: [5, 8, 6, 12, 4, 13, 0, 3, 9, 1]
Rewards of actions: ['55.33', '0.00', '0.00', '14.35', '9.27', '0.00', '0.00', '0.00', '9.08', '0.00']
Image: 37 (1.55s) | Score: -46.468 (Repetitions: 0) | Time steps: 1665 | Learning steps: 20
First 10 actions: [4, 13, 10, 9, 3, 5, 5, 6, 2, 0]
Rewards of actions: ['46.33', '0.00', '29.79', '20.42', '0.00', '9.22', '-20.00', '0.00', '0.00', '0.00']
Image: 38 (13.25s) | Score: -53.681 (Repetitions: 0) | Time steps: 1688 | Learning steps: 21
First 10 actions: [5, 6, 3, 2, 15, 7, 12, 15, 4, 1]
Rewards of actions: ['55.33', '0.00', '0.00', '0.00', '0.00', '0.00', '8.20', '-20.00', '5.15', '0.00']
Image: 39 (1.51s) | Score: -11.259 (Repetitions: 0) | Time steps: 1710 | Learning steps: 21
First 10 actions: [4, 7, 5, 12, 10, 1, 13, 6, 8, 12]
Rewards of actions: ['46.33', '0.00', '18.44', '14.35', '17.87', '0.00', '0.00', '0.00', '0.00', '-20.00']
Image: 40 (1.57s) | Score: -86.737 (Repetitions: 0) | Time steps: 1735 | Learning steps: 21
First 10 actions: [5, 13, 14, 6, 4, 7, 6, 11, 0, 9]
Rewards of actions: ['55.33', '0.00', '0.00', '0.00', '9.27', '0.00', '-20.00', '11.33', '0.00', '8.17']
Saving models...
Image: 41 (1.50s) | Score: 13.671 (Repetitions: 0) | Time steps: 1758 | Learning steps: 21
First 10 actions: [11, 5, 4, 6, 7, 14, 8, 9, 2, 5]
Rewards of actions: ['90.67', '27.66', '15.44', '0.00', '0.00', '0.00', '0.00', '10.21', '0.00', '-20.00']
Saving models...
Image: 42 (13.35s) | Score: 22.909 (Repetitions: 0) | Time steps: 1777 | Learning steps: 22
First 10 actions: [6, 4, 9, 5, 7, 0, 15, 14, 1, 12]
Rewards of actions: ['0.00', '23.17', '27.23', '13.83', '0.00', '0.00', '0.00', '0.00', '0.00', '5.74']
Saving models...
Image: 43 (1.36s) | Score: 29.560 (Repetitions: 0) | Time steps: 1796 | Learning steps: 22
First 10 actions: [12, 1, 6, 13, 0, 14, 9, 12, 8, 15]
Rewards of actions: ['57.41', '0.00', '0.00', '0.00', '0.00', '0.00', '11.67', '-20.00', '0.00', '0.00']
Image: 44 (1.39s) | Score: 5.542 (Repetitions: 0) | Time steps: 1816 | Learning steps: 22
First 10 actions: [6, 5, 9, 8, 4, 2, 0, 7, 11, 1]
Rewards of actions: ['0.00', '27.66', '27.23', '0.00', '9.27', '0.00', '0.00', '0.00', '10.07', '0.00']
Image: 45 (1.47s) | Score: -7.130 (Repetitions: 0) | Time steps: 1838 | Learning steps: 22
First 10 actions: [4, 6, 9, 1, 5, 10, 7, 8, 12, 0]
Rewards of actions: ['46.33', '0.00', '27.23', '0.00', '11.07', '14.89', '0.00', '0.00', '6.38', '0.00']
Image: 46 (13.40s) | Score: 17.507 (Repetitions: 0) | Time steps: 1860 | Learning steps: 23
First 10 actions: [9, 5, 3, 1, 6, 4, 12, 8, 4, 2]
Rewards of actions: ['81.68', '27.66', '0.00', '0.00', '0.00', '7.72', '8.20', '0.00', '-20.00', '0.00']
Image: 47 (1.45s) | Score: -36.118 (Repetitions: 0) | Time steps: 1881 | Learning steps: 23
First 10 actions: [14, 5, 6, 4, 15, 12, 0, 7, 13, 1]
Rewards of actions: ['0.00', '27.66', '0.00', '11.58', '0.00', '9.57', '0.00', '0.00', '0.00', '0.00']
Image: 48 (1.61s) | Score: -106.575 (Repetitions: 0) | Time steps: 1907 | Learning steps: 23
First 10 actions: [4, 1, 0, 9, 6, 9, 11, 13, 5, 0]
Rewards of actions: ['46.33', '0.00', '0.00', '20.42', '0.00', '-20.00', '12.95', '0.00', '6.15', '-20.00']
Saving models...
Image: 49 (13.12s) | Score: 64.691 (Repetitions: 0) | Time steps: 1923 | Learning steps: 24
First 10 actions: [6, 5, 13, 8, 4, 1, 7, 14, 9, 0]
Rewards of actions: ['0.00', '27.66', '0.00', '0.00', '9.27', '0.00', '0.00', '0.00', '9.08', '0.00']
Saving models...
Image: 50 (1.33s) | Score: 96.963 (Repetitions: 0) | Time steps: 1940 | Learning steps: 24
First 10 actions: [5, 14, 4, 2, 11, 10, 1, 7, 6, 12]
Rewards of actions: ['55.33', '0.00', '15.44', '0.00', '18.13', '14.89', '0.00', '0.00', '0.00', '5.74']
Image: 51 (1.35s) | Score: 56.045 (Repetitions: 0) | Time steps: 1959 | Learning steps: 24
First 10 actions: [5, 4, 7, 13, 15, 12, 11, 6, 9, 6]
Rewards of actions: ['55.33', '23.17', '0.00', '0.00', '0.00', '9.57', '12.95', '0.00', '9.08', '-20.00']
Image: 52 (1.29s) | Score: 94.660 (Repetitions: 0) | Time steps: 1976 | Learning steps: 24
First 10 actions: [5, 7, 9, 4, 6, 4, 0, 12, 3, 13]
Rewards of actions: ['55.33', '0.00', '27.23', '11.58', '0.00', '-20.00', '0.00', '7.18', '0.00', '0.00']
Saving models...
Image: 53 (1.24s) | Score: 100.516 (Repetitions: 0) | Time steps: 1992 | Learning steps: 24
First 10 actions: [5, 1, 12, 6, 8, 4, 7, 2, 0, 13]
Rewards of actions: ['55.33', '0.00', '19.14', '0.00', '0.00', '7.72', '0.00', '0.00', '0.00', '0.00']
Image: 54 (13.03s) | Score: 50.458 (Repetitions: 0) | Time steps: 2010 | Learning steps: 25
First 10 actions: [8, 9, 5, 7, 6, 10, 4, 3, 2, 0]
Rewards of actions: ['0.00', '40.84', '18.44', '0.00', '0.00', '14.89', '6.62', '0.00', '0.00', '0.00']
Image: 55 (1.25s) | Score: 74.688 (Repetitions: 0) | Time steps: 2027 | Learning steps: 25
First 10 actions: [4, 7, 5, 6, 0, 13, 2, 12, 10, 1]
Rewards of actions: ['46.33', '0.00', '18.44', '0.00', '0.00', '0.00', '0.00', '7.18', '9.93', '0.00']
Image: 56 (1.31s) | Score: 65.932 (Repetitions: 0) | Time steps: 2045 | Learning steps: 25
First 10 actions: [5, 8, 4, 7, 6, 1, 11, 12, 10, 13]
Rewards of actions: ['55.33', '0.00', '15.44', '0.00', '0.00', '0.00', '12.95', '7.18', '9.93', '0.00']
Saving models...
Image: 57 (1.26s) | Score: 111.708 (Repetitions: 0) | Time steps: 2061 | Learning steps: 25
First 10 actions: [5, 4, 13, 7, 6, 9, 1, 12, 8, 14]
Rewards of actions: ['55.33', '23.17', '0.00', '0.00', '0.00', '13.61', '0.00', '7.18', '0.00', '0.00']
Image: 58 (13.18s) | Score: 20.042 (Repetitions: 0) | Time steps: 2081 | Learning steps: 26
First 10 actions: [8, 10, 9, 6, 5, 4, 1, 10, 7, 2]
Rewards of actions: ['0.00', '44.68', '27.23', '0.00', '11.07', '7.72', '0.00', '-20.00', '0.00', '0.00']
Image: 59 (1.19s) | Score: 72.910 (Repetitions: 0) | Time steps: 2099 | Learning steps: 26
First 10 actions: [5, 4, 6, 9, 4, 3, 14, 2, 7, 1]
Rewards of actions: ['55.33', '23.17', '0.00', '20.42', '-20.00', '0.00', '0.00', '0.00', '0.00', '0.00']
Saving models...
Image: 60 (1.30s) | Score: 117.514 (Repetitions: 0) | Time steps: 2117 | Learning steps: 26
First 10 actions: [9, 5, 4, 7, 10, 6, 2, 1, 11, 5]
Rewards of actions: ['81.68', '27.66', '15.44', '0.00', '17.87', '0.00', '0.00', '0.00', '10.07', '-20.00']
Image: 61 (1.24s) | Score: 74.742 (Repetitions: 0) | Time steps: 2133 | Learning steps: 26
First 10 actions: [6, 5, 1, 9, 7, 8, 4, 3, 0, 11]
Rewards of actions: ['0.00', '27.66', '0.00', '20.42', '0.00', '0.00', '6.62', '0.00', '0.00', '9.07']
Image: 62 (1.23s) | Score: 114.409 (Repetitions: 0) | Time steps: 2149 | Learning steps: 26
First 10 actions: [4, 9, 6, 8, 3, 5, 13, 7, 15, 1]
Rewards of actions: ['46.33', '40.84', '0.00', '0.00', '0.00', '9.22', '0.00', '0.00', '0.00', '0.00']
Image: 63 (13.06s) | Score: 104.768 (Repetitions: 0) | Time steps: 2166 | Learning steps: 27
First 10 actions: [5, 6, 4, 11, 10, 2, 3, 12, 0, 1]
Rewards of actions: ['55.33', '0.00', '15.44', '22.67', '17.87', '0.00', '0.00', '7.18', '0.00', '0.00']
Image: 64 (1.29s) | Score: 89.681 (Repetitions: 0) | Time steps: 2183 | Learning steps: 27
First 10 actions: [5, 4, 7, 1, 6, 9, 0, 8, 2, 13]
Rewards of actions: ['55.33', '23.17', '0.00', '0.00', '0.00', '13.61', '0.00', '0.00', '0.00', '0.00']
Image: 65 (1.28s) | Score: 82.345 (Repetitions: 0) | Time steps: 2200 | Learning steps: 27
First 10 actions: [5, 6, 4, 7, 13, 2, 8, 11, 9, 3]
Rewards of actions: ['55.33', '0.00', '15.44', '0.00', '0.00', '0.00', '0.00', '11.33', '9.08', '0.00']
Saving models...
Image: 66 (1.24s) | Score: 134.339 (Repetitions: 0) | Time steps: 2216 | Learning steps: 27
First 10 actions: [9, 6, 4, 5, 1, 3, 2, 10, 7, 12]
Rewards of actions: ['81.68', '0.00', '15.44', '13.83', '0.00', '0.00', '0.00', '11.17', '0.00', '5.74']
Image: 67 (1.24s) | Score: 93.534 (Repetitions: 0) | Time steps: 2232 | Learning steps: 27
First 10 actions: [6, 5, 4, 12, 9, 14, 10, 15, 7, 0]
Rewards of actions: ['0.00', '27.66', '15.44', '14.35', '16.34', '0.00', '12.77', '0.00', '0.00', '0.00']
Saving models...
Image: 68 (13.05s) | Score: 135.275 (Repetitions: 0) | Time steps: 2248 | Learning steps: 28
First 10 actions: [4, 5, 11, 2, 10, 8, 7, 6, 12, 13]
Rewards of actions: ['46.33', '27.66', '30.22', '0.00', '17.87', '0.00', '0.00', '0.00', '6.38', '0.00']
Saving models...
Image: 69 (1.24s) | Score: 137.095 (Repetitions: 0) | Time steps: 2264 | Learning steps: 28
First 10 actions: [9, 2, 5, 8, 4, 14, 11, 10, 6, 7]
Rewards of actions: ['81.68', '0.00', '18.44', '0.00', '9.27', '0.00', '12.95', '11.17', '0.00', '0.00']
Image: 70 (1.24s) | Score: 96.395 (Repetitions: 0) | Time steps: 2280 | Learning steps: 28
First 10 actions: [4, 6, 5, 1, 13, 9, 0, 2, 12, 7]
Rewards of actions: ['46.33', '0.00', '18.44', '0.00', '0.00', '13.61', '0.00', '0.00', '6.38', '0.00']
Image: 71 (1.30s) | Score: 116.464 (Repetitions: 0) | Time steps: 2297 | Learning steps: 28
First 10 actions: [9, 4, 6, 5, 8, 1, 7, 13, 2, 12]
Rewards of actions: ['81.68', '23.17', '0.00', '13.83', '0.00', '0.00', '0.00', '0.00', '0.00', '5.74']
Image: 72 (1.23s) | Score: 123.026 (Repetitions: 0) | Time steps: 2313 | Learning steps: 28
First 10 actions: [5, 4, 6, 11, 3, 1, 0, 9, 7, 2]
Rewards of actions: ['55.33', '23.17', '0.00', '22.67', '0.00', '0.00', '0.00', '10.21', '0.00', '0.00']
Image: 73 (13.12s) | Score: 128.398 (Repetitions: 0) | Time steps: 2329 | Learning steps: 29
First 10 actions: [5, 4, 9, 6, 7, 12, 2, 8, 14, 3]
Rewards of actions: ['55.33', '23.17', '27.23', '0.00', '0.00', '9.57', '0.00', '0.00', '0.00', '0.00']
Saving models...
Image: 74 (1.25s) | Score: 142.832 (Repetitions: 0) | Time steps: 2345 | Learning steps: 29
First 10 actions: [9, 5, 7, 8, 4, 6, 11, 1, 2, 3]
Rewards of actions: ['81.68', '27.66', '0.00', '0.00', '9.27', '0.00', '12.95', '0.00', '0.00', '0.00']
Image: 75 (1.30s) | Score: 56.914 (Repetitions: 0) | Time steps: 2362 | Learning steps: 29
First 10 actions: [8, 4, 9, 15, 6, 5, 0, 7, 12, 1]
Rewards of actions: ['0.00', '23.17', '27.23', '0.00', '0.00', '9.22', '0.00', '0.00', '6.38', '0.00']
Image: 76 (1.29s) | Score: 82.921 (Repetitions: 0) | Time steps: 2379 | Learning steps: 29
First 10 actions: [5, 6, 2, 4, 12, 9, 1, 7, 0, 8]
Rewards of actions: ['55.33', '0.00', '0.00', '11.58', '11.48', '13.61', '0.00', '0.00', '0.00', '0.00']
Image: 77 (1.30s) | Score: 68.465 (Repetitions: 0) | Time steps: 2396 | Learning steps: 29
First 10 actions: [6, 5, 4, 9, 12, 1, 2, 15, 8, 7]
Rewards of actions: ['0.00', '27.66', '15.44', '20.42', '11.48', '0.00', '0.00', '0.00', '0.00', '0.00']
Image: 78 (13.13s) | Score: 79.241 (Repetitions: 0) | Time steps: 2412 | Learning steps: 30
First 10 actions: [8, 5, 6, 1, 4, 10, 9, 11, 2, 7]
Rewards of actions: ['0.00', '27.66', '0.00', '0.00', '9.27', '14.89', '11.67', '11.33', '0.00', '0.00']
Image: 79 (1.24s) | Score: 115.130 (Repetitions: 0) | Time steps: 2428 | Learning steps: 30
First 10 actions: [5, 6, 4, 2, 11, 9, 7, 1, 0, 12]
Rewards of actions: ['55.33', '0.00', '15.44', '0.00', '18.13', '13.61', '0.00', '0.00', '0.00', '5.74']
Image: 80 (1.29s) | Score: 120.081 (Repetitions: 0) | Time steps: 2445 | Learning steps: 30
First 10 actions: [9, 5, 8, 4, 6, 7, 3, 1, 12, 13]
Rewards of actions: ['81.68', '27.66', '0.00', '11.58', '0.00', '0.00', '0.00', '0.00', '6.38', '0.00']
Image: 81 (1.26s) | Score: 72.976 (Repetitions: 0) | Time steps: 2462 | Learning steps: 30
First 10 actions: [7, 9, 5, 6, 12, 2, 4, 14, 10, 1]
Rewards of actions: ['0.00', '40.84', '18.44', '0.00', '11.48', '0.00', '6.62', '0.00', '9.93', '0.00']
Image: 82 (1.28s) | Score: 69.595 (Repetitions: 0) | Time steps: 2479 | Learning steps: 30
First 10 actions: [8, 9, 5, 6, 4, 14, 1, 0, 11, 7]
Rewards of actions: ['0.00', '40.84', '18.44', '0.00', '9.27', '0.00', '0.00', '0.00', '10.07', '0.00']
Image: 83 (13.07s) | Score: 105.223 (Repetitions: 0) | Time steps: 2495 | Learning steps: 31
First 10 actions: [5, 6, 8, 4, 11, 3, 13, 9, 1, 14]
Rewards of actions: ['55.33', '0.00', '0.00', '11.58', '18.13', '0.00', '0.00', '10.21', '0.00', '0.00']
Image: 84 (1.29s) | Score: 111.433 (Repetitions: 0) | Time steps: 2511 | Learning steps: 31
First 10 actions: [4, 6, 5, 13, 12, 10, 1, 9, 11, 0]
Rewards of actions: ['46.33', '0.00', '18.44', '0.00', '11.48', '14.89', '0.00', '10.21', '10.07', '0.00']
Image: 85 (1.24s) | Score: 106.484 (Repetitions: 0) | Time steps: 2527 | Learning steps: 31
First 10 actions: [5, 4, 6, 8, 13, 15, 12, 0, 7, 9]
Rewards of actions: ['55.33', '23.17', '0.00', '0.00', '0.00', '0.00', '8.20', '0.00', '0.00', '8.17']
Image: 86 (1.26s) | Score: 117.597 (Repetitions: 0) | Time steps: 2543 | Learning steps: 31
First 10 actions: [5, 4, 6, 9, 8, 7, 1, 2, 13, 14]
Rewards of actions: ['55.33', '23.17', '0.00', '20.42', '0.00', '0.00', '0.00', '0.00', '0.00', '0.00']
Image: 87 (1.24s) | Score: 76.226 (Repetitions: 0) | Time steps: 2559 | Learning steps: 31
First 10 actions: [6, 5, 4, 13, 7, 9, 1, 8, 14, 2]
Rewards of actions: ['0.00', '27.66', '15.44', '0.00', '0.00', '13.61', '0.00', '0.00', '0.00', '0.00']
Image: 88 (13.09s) | Score: 73.395 (Repetitions: 0) | Time steps: 2575 | Learning steps: 32
First 10 actions: [1, 5, 6, 4, 8, 9, 14, 0, 11, 7]
Rewards of actions: ['0.00', '27.66', '0.00', '11.58', '0.00', '13.61', '0.00', '0.00', '10.07', '0.00']
Image: 89 (1.25s) | Score: 116.417 (Repetitions: 0) | Time steps: 2591 | Learning steps: 32
First 10 actions: [5, 8, 4, 6, 10, 11, 1, 7, 9, 2]
Rewards of actions: ['55.33', '0.00', '15.44', '0.00', '17.87', '15.11', '0.00', '0.00', '9.08', '0.00']
Image: 90 (1.22s) | Score: 107.129 (Repetitions: 0) | Time steps: 2607 | Learning steps: 32
First 10 actions: [5, 4, 6, 7, 2, 13, 1, 9, 12, 0]
Rewards of actions: ['55.33', '23.17', '0.00', '0.00', '0.00', '0.00', '0.00', '10.21', '6.38', '0.00']
Image: 91 (1.25s) | Score: 83.327 (Repetitions: 0) | Time steps: 2623 | Learning steps: 32
First 10 actions: [6, 5, 4, 12, 7, 13, 9, 14, 2, 1]
Rewards of actions: ['0.00', '27.66', '15.44', '14.35', '0.00', '0.00', '11.67', '0.00', '0.00', '0.00']
Image: 92 (1.28s) | Score: 91.759 (Repetitions: 0) | Time steps: 2639 | Learning steps: 32
First 10 actions: [6, 5, 4, 12, 11, 13, 8, 9, 7, 1]
Rewards of actions: ['0.00', '27.66', '15.44', '14.35', '18.13', '0.00', '0.00', '10.21', '0.00', '0.00']
Image: 93 (13.03s) | Score: 102.892 (Repetitions: 0) | Time steps: 2655 | Learning steps: 33
First 10 actions: [4, 5, 6, 2, 7, 1, 0, 14, 9, 10]
Rewards of actions: ['46.33', '27.66', '0.00', '0.00', '0.00', '0.00', '0.00', '0.00', '9.08', '8.94']
Image: 94 (1.25s) | Score: 101.279 (Repetitions: 0) | Time steps: 2671 | Learning steps: 33
First 10 actions: [4, 6, 5, 13, 9, 1, 7, 3, 12, 14]
Rewards of actions: ['46.33', '0.00', '18.44', '0.00', '16.34', '0.00', '0.00', '0.00', '6.38', '0.00']
Image: 95 (1.24s) | Score: 139.057 (Repetitions: 0) | Time steps: 2687 | Learning steps: 33
First 10 actions: [4, 5, 10, 6, 9, 11, 2, 7, 1, 8]
Rewards of actions: ['46.33', '27.66', '29.79', '0.00', '16.34', '15.11', '0.00', '0.00', '0.00', '0.00']
Image: 96 (1.25s) | Score: 101.515 (Repetitions: 0) | Time steps: 2703 | Learning steps: 33
First 10 actions: [5, 6, 4, 1, 3, 13, 0, 9, 11, 2]
Rewards of actions: ['55.33', '0.00', '15.44', '0.00', '0.00', '0.00', '0.00', '10.21', '10.07', '0.00']
Image: 97 (1.24s) | Score: 125.746 (Repetitions: 0) | Time steps: 2719 | Learning steps: 33
First 10 actions: [5, 4, 6, 11, 13, 9, 14, 2, 7, 1]
Rewards of actions: ['55.33', '23.17', '0.00', '22.67', '0.00', '13.61', '0.00', '0.00', '0.00', '0.00']
Image: 98 (13.13s) | Score: 114.872 (Repetitions: 0) | Time steps: 2735 | Learning steps: 34
First 10 actions: [5, 4, 6, 13, 9, 3, 1, 2, 11, 14]
Rewards of actions: ['55.33', '23.17', '0.00', '0.00', '16.34', '0.00', '0.00', '0.00', '10.07', '0.00']
Image: 99 (1.26s) | Score: 113.793 (Repetitions: 0) | Time steps: 2751 | Learning steps: 34
First 10 actions: [5, 4, 6, 1, 3, 0, 9, 12, 11, 14]
Rewards of actions: ['55.33', '23.17', '0.00', '0.00', '0.00', '0.00', '11.67', '7.18', '10.07', '0.00']
Image: 100 (1.30s) | Score: 113.224 (Repetitions: 0) | Time steps: 2767 | Learning steps: 34
First 10 actions: [5, 4, 6, 7, 13, 9, 12, 1, 14, 2]
Rewards of actions: ['55.33', '23.17', '0.00', '0.00', '0.00', '13.61', '8.20', '0.00', '0.00', '0.00']
Image: 101 (1.26s) | Score: 124.718 (Repetitions: 0) | Time steps: 2783 | Learning steps: 34
First 10 actions: [5, 4, 9, 7, 6, 1, 8, 2, 3, 10]
Rewards of actions: ['55.33', '23.17', '27.23', '0.00', '0.00', '0.00', '0.00', '0.00', '0.00', '8.94']
Saving models...
Image: 102 (1.27s) | Score: 145.316 (Repetitions: 0) | Time steps: 2799 | Learning steps: 34
First 10 actions: [9, 5, 4, 6, 0, 2, 7, 12, 1, 3]
Rewards of actions: ['81.68', '27.66', '15.44', '0.00', '0.00', '0.00', '0.00', '7.18', '0.00', '0.00']
Image: 103 (13.10s) | Score: 101.705 (Repetitions: 0) | Time steps: 2815 | Learning steps: 35
First 10 actions: [5, 8, 4, 6, 1, 13, 9, 2, 7, 0]
Rewards of actions: ['55.33', '0.00', '15.44', '0.00', '0.00', '0.00', '11.67', '0.00', '0.00', '0.00']
Image: 104 (1.23s) | Score: 86.207 (Repetitions: 0) | Time steps: 2831 | Learning steps: 35
First 10 actions: [6, 5, 4, 9, 0, 12, 7, 1, 2, 14]
Rewards of actions: ['0.00', '27.66', '15.44', '20.42', '0.00', '9.57', '0.00', '0.00', '0.00', '0.00']
Image: 105 (1.24s) | Score: 112.844 (Repetitions: 0) | Time steps: 2847 | Learning steps: 35
First 10 actions: [5, 4, 6, 1, 9, 2, 14, 7, 0, 3]
Rewards of actions: ['55.33', '23.17', '0.00', '0.00', '16.34', '0.00', '0.00', '0.00', '0.00', '0.00']
Image: 106 (1.26s) | Score: 109.634 (Repetitions: 0) | Time steps: 2863 | Learning steps: 35
First 10 actions: [5, 4, 6, 13, 1, 9, 2, 7, 3, 14]
Rewards of actions: ['55.33', '23.17', '0.00', '0.00', '0.00', '13.61', '0.00', '0.00', '0.00', '0.00']
Image: 107 (1.24s) | Score: 120.357 (Repetitions: 0) | Time steps: 2879 | Learning steps: 35
First 10 actions: [5, 4, 6, 3, 1, 9, 11, 12, 2, 14]
Rewards of actions: ['55.33', '23.17', '0.00', '0.00', '0.00', '13.61', '12.95', '7.18', '0.00', '0.00']
Image: 108 (13.13s) | Score: 112.061 (Repetitions: 0) | Time steps: 2895 | Learning steps: 36
First 10 actions: [4, 5, 6, 9, 2, 7, 1, 3, 15, 0]
Rewards of actions: ['46.33', '27.66', '0.00', '20.42', '0.00', '0.00', '0.00', '0.00', '0.00', '0.00']
Image: 109 (1.26s) | Score: 109.763 (Repetitions: 0) | Time steps: 2911 | Learning steps: 36
First 10 actions: [5, 4, 6, 7, 13, 1, 9, 12, 0, 2]
Rewards of actions: ['55.33', '23.17', '0.00', '0.00', '0.00', '0.00', '11.67', '7.18', '0.00', '0.00']
Image: 110 (1.25s) | Score: 73.694 (Repetitions: 0) | Time steps: 2927 | Learning steps: 36
First 10 actions: [6, 5, 4, 13, 1, 7, 9, 3, 12, 2]
Rewards of actions: ['0.00', '27.66', '15.44', '0.00', '0.00', '0.00', '11.67', '0.00', '6.38', '0.00']
Image: 111 (1.26s) | Score: 126.569 (Repetitions: 0) | Time steps: 2943 | Learning steps: 36
First 10 actions: [5, 4, 6, 9, 1, 3, 12, 11, 2, 7]
Rewards of actions: ['55.33', '23.17', '0.00', '20.42', '0.00', '0.00', '8.20', '11.33', '0.00', '0.00']
Image: 112 (1.27s) | Score: 114.436 (Repetitions: 0) | Time steps: 2959 | Learning steps: 36
First 10 actions: [5, 4, 6, 1, 9, 2, 7, 12, 14, 0]
Rewards of actions: ['55.33', '23.17', '0.00', '0.00', '16.34', '0.00', '0.00', '7.18', '0.00', '0.00']
Image: 113 (13.41s) | Score: 125.734 (Repetitions: 0) | Time steps: 2975 | Learning steps: 37
First 10 actions: [5, 4, 6, 9, 1, 11, 7, 2, 3, 8]
Rewards of actions: ['55.33', '23.17', '0.00', '20.42', '0.00', '15.11', '0.00', '0.00', '0.00', '0.00']
Image: 114 (1.26s) | Score: 110.114 (Repetitions: 0) | Time steps: 2991 | Learning steps: 37
First 10 actions: [5, 4, 7, 6, 1, 9, 3, 8, 2, 0]
Rewards of actions: ['55.33', '23.17', '0.00', '0.00', '0.00', '13.61', '0.00', '0.00', '0.00', '0.00']
Image: 115 (1.24s) | Score: 110.535 (Repetitions: 0) | Time steps: 3007 | Learning steps: 37
First 10 actions: [5, 4, 6, 1, 7, 9, 14, 2, 0, 10]
Rewards of actions: ['55.33', '23.17', '0.00', '0.00', '0.00', '13.61', '0.00', '0.00', '0.00', '8.94']
Image: 116 (1.26s) | Score: 115.417 (Repetitions: 0) | Time steps: 3023 | Learning steps: 37
First 10 actions: [5, 4, 6, 9, 1, 7, 3, 2, 0, 8]
Rewards of actions: ['55.33', '23.17', '0.00', '20.42', '0.00', '0.00', '0.00', '0.00', '0.00', '0.00']
Image: 117 (1.27s) | Score: 107.105 (Repetitions: 0) | Time steps: 3039 | Learning steps: 37
First 10 actions: [5, 4, 6, 7, 13, 1, 9, 3, 2, 8]
Rewards of actions: ['55.33', '23.17', '0.00', '0.00', '0.00', '0.00', '11.67', '0.00', '0.00', '0.00']
Image: 118 (13.32s) | Score: 122.515 (Repetitions: 0) | Time steps: 3055 | Learning steps: 38
First 10 actions: [5, 4, 6, 1, 9, 3, 10, 11, 2, 0]
Rewards of actions: ['55.33', '23.17', '0.00', '0.00', '16.34', '0.00', '12.77', '11.33', '0.00', '0.00']
Image: 119 (1.25s) | Score: 109.470 (Repetitions: 0) | Time steps: 3071 | Learning steps: 38
First 10 actions: [5, 6, 4, 9, 1, 7, 3, 0, 2, 12]
Rewards of actions: ['55.33', '0.00', '15.44', '20.42', '0.00', '0.00', '0.00', '0.00', '0.00', '5.74']
Image: 120 (1.25s) | Score: 113.797 (Repetitions: 0) | Time steps: 3087 | Learning steps: 38
First 10 actions: [5, 4, 6, 7, 1, 9, 12, 2, 3, 14]
Rewards of actions: ['55.33', '23.17', '0.00', '0.00', '0.00', '13.61', '8.20', '0.00', '0.00', '0.00']
Image: 121 (1.31s) | Score: 113.255 (Repetitions: 0) | Time steps: 3103 | Learning steps: 38
First 10 actions: [5, 4, 6, 1, 9, 7, 2, 14, 12, 8]
Rewards of actions: ['55.33', '23.17', '0.00', '0.00', '16.34', '0.00', '0.00', '0.00', '6.38', '0.00']
Image: 122 (1.27s) | Score: 124.996 (Repetitions: 0) | Time steps: 3119 | Learning steps: 38
First 10 actions: [5, 4, 6, 9, 3, 1, 11, 12, 2, 0]
Rewards of actions: ['55.33', '23.17', '0.00', '20.42', '0.00', '0.00', '12.95', '7.18', '0.00', '0.00']
Image: 123 (13.25s) | Score: 125.734 (Repetitions: 0) | Time steps: 3135 | Learning steps: 39
First 10 actions: [5, 4, 6, 9, 1, 11, 3, 0, 2, 14]
Rewards of actions: ['55.33', '23.17', '0.00', '20.42', '0.00', '15.11', '0.00', '0.00', '0.00', '0.00']
Image: 124 (1.22s) | Score: 117.765 (Repetitions: 0) | Time steps: 3151 | Learning steps: 39
First 10 actions: [5, 4, 6, 9, 1, 7, 2, 0, 14, 12]
Rewards of actions: ['55.33', '23.17', '0.00', '20.42', '0.00', '0.00', '0.00', '0.00', '0.00', '5.74']
Image: 125 (1.25s) | Score: 118.775 (Repetitions: 0) | Time steps: 3167 | Learning steps: 39
First 10 actions: [5, 4, 6, 1, 9, 0, 3, 11, 2, 12]
Rewards of actions: ['55.33', '23.17', '0.00', '0.00', '16.34', '0.00', '0.00', '11.33', '0.00', '5.74']
Image: 126 (1.25s) | Score: 107.792 (Repetitions: 0) | Time steps: 3183 | Learning steps: 39
First 10 actions: [5, 4, 6, 2, 7, 1, 13, 9, 0, 12]
Rewards of actions: ['55.33', '23.17', '0.00', '0.00', '0.00', '0.00', '0.00', '10.21', '0.00', '5.74']
Image: 127 (1.24s) | Score: 118.043 (Repetitions: 0) | Time steps: 3199 | Learning steps: 39
First 10 actions: [5, 4, 6, 1, 9, 7, 2, 10, 12, 3]
Rewards of actions: ['55.33', '23.17', '0.00', '0.00', '16.34', '0.00', '0.00', '11.17', '6.38', '0.00']
Image: 128 (13.08s) | Score: 108.127 (Repetitions: 0) | Time steps: 3215 | Learning steps: 40
First 10 actions: [5, 6, 4, 9, 7, 1, 2, 3, 15, 0]
Rewards of actions: ['55.33', '0.00', '15.44', '20.42', '0.00', '0.00', '0.00', '0.00', '0.00', '0.00']
Image: 129 (1.26s) | Score: 100.651 (Repetitions: 0) | Time steps: 3231 | Learning steps: 40
First 10 actions: [5, 8, 4, 6, 1, 13, 9, 3, 14, 2]
Rewards of actions: ['55.33', '0.00', '15.44', '0.00', '0.00', '0.00', '11.67', '0.00', '0.00', '0.00']
Image: 130 (1.25s) | Score: 118.110 (Repetitions: 0) | Time steps: 3247 | Learning steps: 40
First 10 actions: [5, 4, 6, 9, 1, 7, 0, 14, 3, 2]
Rewards of actions: ['55.33', '23.17', '0.00', '20.42', '0.00', '0.00', '0.00', '0.00', '0.00', '0.00']
Image: 131 (1.25s) | Score: 115.374 (Repetitions: 0) | Time steps: 3263 | Learning steps: 40
First 10 actions: [5, 4, 6, 1, 9, 7, 2, 3, 12, 0]
Rewards of actions: ['55.33', '23.17', '0.00', '0.00', '16.34', '0.00', '0.00', '0.00', '6.38', '0.00']
Image: 132 (1.24s) | Score: 121.057 (Repetitions: 0) | Time steps: 3279 | Learning steps: 40
First 10 actions: [5, 4, 6, 9, 1, 7, 2, 14, 10, 12]
Rewards of actions: ['55.33', '23.17', '0.00', '20.42', '0.00', '0.00', '0.00', '0.00', '9.93', '5.74']
Image: 133 (13.26s) | Score: 112.586 (Repetitions: 0) | Time steps: 3295 | Learning steps: 41
First 10 actions: [5, 4, 6, 1, 9, 7, 3, 2, 14, 0]
Rewards of actions: ['55.33', '23.17', '0.00', '0.00', '16.34', '0.00', '0.00', '0.00', '0.00', '0.00']
Image: 134 (1.27s) | Score: 116.949 (Repetitions: 0) | Time steps: 3311 | Learning steps: 41
First 10 actions: [5, 4, 6, 1, 9, 7, 3, 0, 10, 2]
Rewards of actions: ['55.33', '23.17', '0.00', '0.00', '16.34', '0.00', '0.00', '0.00', '9.93', '0.00']
Image: 135 (1.27s) | Score: 115.585 (Repetitions: 0) | Time steps: 3327 | Learning steps: 41
First 10 actions: [5, 4, 6, 1, 9, 7, 0, 2, 10, 15]
Rewards of actions: ['55.33', '23.17', '0.00', '0.00', '16.34', '0.00', '0.00', '0.00', '9.93', '0.00']
Image: 136 (1.24s) | Score: 113.537 (Repetitions: 0) | Time steps: 3343 | Learning steps: 41
First 10 actions: [5, 4, 6, 1, 9, 7, 2, 3, 0, 14]
Rewards of actions: ['55.33', '23.17', '0.00', '0.00', '16.34', '0.00', '0.00', '0.00', '0.00', '0.00']
Image: 137 (1.29s) | Score: 118.178 (Repetitions: 0) | Time steps: 3359 | Learning steps: 41
First 10 actions: [5, 4, 6, 9, 1, 8, 7, 3, 2, 0]
Rewards of actions: ['55.33', '23.17', '0.00', '20.42', '0.00', '0.00', '0.00', '0.00', '0.00', '0.00']
Image: 138 (13.08s) | Score: 110.437 (Repetitions: 0) | Time steps: 3375 | Learning steps: 42
First 10 actions: [5, 4, 6, 1, 7, 9, 0, 2, 3, 14]
Rewards of actions: ['55.33', '23.17', '0.00', '0.00', '0.00', '13.61', '0.00', '0.00', '0.00', '0.00']
Image: 139 (1.26s) | Score: 113.159 (Repetitions: 0) | Time steps: 3391 | Learning steps: 42
First 10 actions: [5, 4, 6, 1, 9, 7, 3, 2, 14, 0]
Rewards of actions: ['55.33', '23.17', '0.00', '0.00', '16.34', '0.00', '0.00', '0.00', '0.00', '0.00']
Image: 140 (1.23s) | Score: 113.681 (Repetitions: 0) | Time steps: 3407 | Learning steps: 42
First 10 actions: [5, 4, 6, 1, 9, 7, 2, 0, 14, 12]
Rewards of actions: ['55.33', '23.17', '0.00', '0.00', '16.34', '0.00', '0.00', '0.00', '0.00', '5.74']
Image: 141 (1.24s) | Score: 112.586 (Repetitions: 0) | Time steps: 3423 | Learning steps: 42
First 10 actions: [5, 4, 6, 1, 9, 7, 0, 2, 3, 14]
Rewards of actions: ['55.33', '23.17', '0.00', '0.00', '16.34', '0.00', '0.00', '0.00', '0.00', '0.00']
Image: 142 (1.26s) | Score: 113.159 (Repetitions: 0) | Time steps: 3439 | Learning steps: 42
First 10 actions: [5, 4, 6, 1, 9, 7, 2, 0, 3, 14]
Rewards of actions: ['55.33', '23.17', '0.00', '0.00', '16.34', '0.00', '0.00', '0.00', '0.00', '0.00']
Image: 143 (13.44s) | Score: 119.872 (Repetitions: 0) | Time steps: 3455 | Learning steps: 43
First 10 actions: [5, 4, 6, 1, 9, 3, 11, 2, 14, 0]
Rewards of actions: ['55.33', '23.17', '0.00', '0.00', '16.34', '0.00', '12.95', '0.00', '0.00', '0.00']
Image: 144 (1.28s) | Score: 116.304 (Repetitions: 0) | Time steps: 3471 | Learning steps: 43
First 10 actions: [5, 4, 6, 1, 9, 7, 0, 2, 12, 3]
Rewards of actions: ['55.33', '23.17', '0.00', '0.00', '16.34', '0.00', '0.00', '0.00', '6.38', '0.00']
Image: 145 (1.26s) | Score: 114.475 (Repetitions: 0) | Time steps: 3487 | Learning steps: 43
First 10 actions: [5, 4, 6, 1, 9, 7, 2, 3, 0, 14]
Rewards of actions: ['55.33', '23.17', '0.00', '0.00', '16.34', '0.00', '0.00', '0.00', '0.00', '0.00']
Image: 146 (1.24s) | Score: 117.192 (Repetitions: 0) | Time steps: 3503 | Learning steps: 43
First 10 actions: [5, 4, 6, 9, 1, 7, 3, 0, 2, 12]
Rewards of actions: ['55.33', '23.17', '0.00', '20.42', '0.00', '0.00', '0.00', '0.00', '0.00', '5.74']
Image: 147 (1.25s) | Score: 113.681 (Repetitions: 0) | Time steps: 3519 | Learning steps: 43
First 10 actions: [5, 4, 6, 1, 9, 7, 3, 2, 0, 12]
Rewards of actions: ['55.33', '23.17', '0.00', '0.00', '16.34', '0.00', '0.00', '0.00', '0.00', '5.74']
Image: 148 (13.21s) | Score: 122.062 (Repetitions: 0) | Time steps: 3535 | Learning steps: 44
First 10 actions: [5, 4, 6, 1, 9, 11, 7, 2, 0, 12]
Rewards of actions: ['55.33', '23.17', '0.00', '0.00', '16.34', '15.11', '0.00', '0.00', '0.00', '5.74']
Image: 149 (1.23s) | Score: 121.105 (Repetitions: 0) | Time steps: 3551 | Learning steps: 44
First 10 actions: [5, 4, 6, 1, 9, 11, 7, 0, 3, 14]
Rewards of actions: ['55.33', '23.17', '0.00', '0.00', '16.34', '15.11', '0.00', '0.00', '0.00', '0.00']
Image: 150 (1.26s) | Score: 114.059 (Repetitions: 0) | Time steps: 3567 | Learning steps: 44
First 10 actions: [5, 4, 6, 1, 9, 7, 3, 2, 0, 12]
Rewards of actions: ['55.33', '23.17', '0.00', '0.00', '16.34', '0.00', '0.00', '0.00', '0.00', '5.74']
Image: 151 (1.26s) | Score: 113.681 (Repetitions: 0) | Time steps: 3583 | Learning steps: 44
First 10 actions: [5, 4, 6, 1, 9, 7, 2, 0, 3, 12]
Rewards of actions: ['55.33', '23.17', '0.00', '0.00', '16.34', '0.00', '0.00', '0.00', '0.00', '5.74']
Image: 152 (1.26s) | Score: 120.984 (Repetitions: 0) | Time steps: 3599 | Learning steps: 44
First 10 actions: [5, 4, 6, 1, 9, 10, 7, 0, 3, 2]
Rewards of actions: ['55.33', '23.17', '0.00', '0.00', '16.34', '14.89', '0.00', '0.00', '0.00', '0.00']
Image: 153 (13.12s) | Score: 115.116 (Repetitions: 0) | Time steps: 3615 | Learning steps: 45
First 10 actions: [5, 4, 6, 1, 9, 7, 2, 12, 0, 3]
Rewards of actions: ['55.33', '23.17', '0.00', '0.00', '16.34', '0.00', '0.00', '7.18', '0.00', '0.00']
Image: 154 (1.24s) | Score: 112.964 (Repetitions: 0) | Time steps: 3631 | Learning steps: 45
First 10 actions: [5, 4, 6, 1, 9, 7, 3, 2, 0, 14]
Rewards of actions: ['55.33', '23.17', '0.00', '0.00', '16.34', '0.00', '0.00', '0.00', '0.00', '0.00']
Image: 155 (1.26s) | Score: 113.925 (Repetitions: 0) | Time steps: 3647 | Learning steps: 45
First 10 actions: [5, 4, 6, 1, 9, 7, 0, 2, 3, 12]
Rewards of actions: ['55.33', '23.17', '0.00', '0.00', '16.34', '0.00', '0.00', '0.00', '0.00', '5.74']
Image: 156 (1.23s) | Score: 115.374 (Repetitions: 0) | Time steps: 3663 | Learning steps: 45
First 10 actions: [5, 4, 6, 1, 9, 7, 2, 0, 12, 3]
Rewards of actions: ['55.33', '23.17', '0.00', '0.00', '16.34', '0.00', '0.00', '0.00', '6.38', '0.00']
Image: 157 (1.24s) | Score: 122.553 (Repetitions: 0) | Time steps: 3679 | Learning steps: 45
First 10 actions: [5, 4, 6, 1, 9, 11, 7, 2, 0, 12]
Rewards of actions: ['55.33', '23.17', '0.00', '0.00', '16.34', '15.11', '0.00', '0.00', '0.00', '5.74']
Image: 158 (13.67s) | Score: 113.108 (Repetitions: 0) | Time steps: 3695 | Learning steps: 46
First 10 actions: [5, 4, 6, 1, 9, 7, 3, 2, 0, 12]
Rewards of actions: ['55.33', '23.17', '0.00', '0.00', '16.34', '0.00', '0.00', '0.00', '0.00', '5.74']
Image: 159 (1.27s) | Score: 113.537 (Repetitions: 0) | Time steps: 3711 | Learning steps: 46
First 10 actions: [5, 4, 6, 1, 9, 7, 0, 3, 2, 14]
Rewards of actions: ['55.33', '23.17', '0.00', '0.00', '16.34', '0.00', '0.00', '0.00', '0.00', '0.00']
Image: 160 (1.23s) | Score: 113.681 (Repetitions: 0) | Time steps: 3727 | Learning steps: 46
First 10 actions: [5, 4, 6, 1, 9, 7, 2, 0, 14, 12]
Rewards of actions: ['55.33', '23.17', '0.00', '0.00', '16.34', '0.00', '0.00', '0.00', '0.00', '5.74']
Image: 161 (1.24s) | Score: 113.681 (Repetitions: 0) | Time steps: 3743 | Learning steps: 46
First 10 actions: [5, 4, 6, 1, 9, 7, 2, 0, 3, 12]
Rewards of actions: ['55.33', '23.17', '0.00', '0.00', '16.34', '0.00', '0.00', '0.00', '0.00', '5.74']
Image: 162 (1.26s) | Score: 112.617 (Repetitions: 0) | Time steps: 3759 | Learning steps: 46
First 10 actions: [5, 4, 6, 1, 9, 7, 3, 2, 0, 12]
Rewards of actions: ['55.33', '23.17', '0.00', '0.00', '16.34', '0.00', '0.00', '0.00', '0.00', '5.74']
Image: 163 (13.86s) | Score: 115.635 (Repetitions: 0) | Time steps: 3775 | Learning steps: 47
First 10 actions: [5, 4, 6, 1, 9, 7, 3, 0, 12, 2]
Rewards of actions: ['55.33', '23.17', '0.00', '0.00', '16.34', '0.00', '0.00', '0.00', '6.38', '0.00']
Image: 164 (1.24s) | Score: 113.108 (Repetitions: 0) | Time steps: 3791 | Learning steps: 47
First 10 actions: [5, 4, 6, 1, 9, 7, 3, 2, 0, 12]
Rewards of actions: ['55.33', '23.17', '0.00', '0.00', '16.34', '0.00', '0.00', '0.00', '0.00', '5.74']
Image: 165 (1.24s) | Score: 112.586 (Repetitions: 0) | Time steps: 3807 | Learning steps: 47
First 10 actions: [5, 4, 6, 1, 9, 7, 3, 0, 2, 14]
Rewards of actions: ['55.33', '23.17', '0.00', '0.00', '16.34', '0.00', '0.00', '0.00', '0.00', '0.00']
Image: 166 (1.25s) | Score: 113.681 (Repetitions: 0) | Time steps: 3823 | Learning steps: 47
First 10 actions: [5, 4, 6, 1, 9, 7, 3, 0, 2, 12]
Rewards of actions: ['55.33', '23.17', '0.00', '0.00', '16.34', '0.00', '0.00', '0.00', '0.00', '5.74']
Image: 167 (1.28s) | Score: 113.486 (Repetitions: 0) | Time steps: 3839 | Learning steps: 47
First 10 actions: [5, 4, 6, 1, 9, 7, 3, 2, 0, 12]
Rewards of actions: ['55.33', '23.17', '0.00', '0.00', '16.34', '0.00', '0.00', '0.00', '0.00', '5.74']
Image: 168 (13.07s) | Score: 112.617 (Repetitions: 0) | Time steps: 3855 | Learning steps: 48
First 10 actions: [5, 4, 6, 1, 9, 7, 3, 2, 0, 12]
Rewards of actions: ['55.33', '23.17', '0.00', '0.00', '16.34', '0.00', '0.00', '0.00', '0.00', '5.74']
Image: 169 (1.26s) | Score: 113.159 (Repetitions: 0) | Time steps: 3871 | Learning steps: 48
First 10 actions: [5, 4, 6, 1, 9, 7, 3, 2, 0, 14]
Rewards of actions: ['55.33', '23.17', '0.00', '0.00', '16.34', '0.00', '0.00', '0.00', '0.00', '0.00']
Image: 170 (1.22s) | Score: 113.159 (Repetitions: 0) | Time steps: 3887 | Learning steps: 48
First 10 actions: [5, 4, 6, 1, 9, 7, 0, 3, 2, 14]
Rewards of actions: ['55.33', '23.17', '0.00', '0.00', '16.34', '0.00', '0.00', '0.00', '0.00', '0.00']
Image: 171 (1.28s) | Score: 114.491 (Repetitions: 0) | Time steps: 3903 | Learning steps: 48
First 10 actions: [5, 4, 6, 1, 9, 7, 3, 2, 0, 12]
Rewards of actions: ['55.33', '23.17', '0.00', '0.00', '16.34', '0.00', '0.00', '0.00', '0.00', '5.74']
Image: 172 (1.24s) | Score: 112.013 (Repetitions: 0) | Time steps: 3919 | Learning steps: 48
First 10 actions: [5, 4, 6, 1, 7, 9, 3, 2, 0, 12]
Rewards of actions: ['55.33', '23.17', '0.00', '0.00', '0.00', '13.61', '0.00', '0.00', '0.00', '5.74']
Image: 173 (13.10s) | Score: 113.108 (Repetitions: 0) | Time steps: 3935 | Learning steps: 49
First 10 actions: [5, 4, 6, 1, 9, 7, 3, 0, 2, 12]
Rewards of actions: ['55.33', '23.17', '0.00', '0.00', '16.34', '0.00', '0.00', '0.00', '0.00', '5.74']
Image: 174 (1.27s) | Score: 113.681 (Repetitions: 0) | Time steps: 3951 | Learning steps: 49
First 10 actions: [5, 4, 6, 1, 9, 7, 3, 2, 0, 12]
Rewards of actions: ['55.33', '23.17', '0.00', '0.00', '16.34', '0.00', '0.00', '0.00', '0.00', '5.74']
Image: 175 (1.24s) | Score: 113.486 (Repetitions: 0) | Time steps: 3967 | Learning steps: 49
First 10 actions: [5, 4, 6, 1, 9, 7, 3, 0, 2, 12]
Rewards of actions: ['55.33', '23.17', '0.00', '0.00', '16.34', '0.00', '0.00', '0.00', '0.00', '5.74']
Image: 176 (1.25s) | Score: 113.537 (Repetitions: 0) | Time steps: 3983 | Learning steps: 49
First 10 actions: [5, 4, 6, 1, 9, 7, 3, 0, 2, 14]
Rewards of actions: ['55.33', '23.17', '0.00', '0.00', '16.34', '0.00', '0.00', '0.00', '0.00', '0.00']
Image: 177 (1.24s) | Score: 114.059 (Repetitions: 0) | Time steps: 3999 | Learning steps: 49
First 10 actions: [5, 4, 6, 1, 9, 7, 3, 2, 0, 12]
Rewards of actions: ['55.33', '23.17', '0.00', '0.00', '16.34', '0.00', '0.00', '0.00', '0.00', '5.74']
Image: 178 (13.05s) | Score: 113.681 (Repetitions: 0) | Time steps: 4015 | Learning steps: 50
First 10 actions: [5, 4, 6, 1, 9, 7, 3, 2, 0, 12]
Rewards of actions: ['55.33', '23.17', '0.00', '0.00', '16.34', '0.00', '0.00', '0.00', '0.00', '5.74']
Image: 179 (1.24s) | Score: 113.681 (Repetitions: 0) | Time steps: 4031 | Learning steps: 50
First 10 actions: [5, 4, 6, 1, 9, 7, 3, 2, 0, 12]
Rewards of actions: ['55.33', '23.17', '0.00', '0.00', '16.34', '0.00', '0.00', '0.00', '0.00', '5.74']
Image: 180 (1.27s) | Score: 113.108 (Repetitions: 0) | Time steps: 4047 | Learning steps: 50
First 10 actions: [5, 4, 6, 1, 9, 7, 3, 0, 2, 12]
Rewards of actions: ['55.33', '23.17', '0.00', '0.00', '16.34', '0.00', '0.00', '0.00', '0.00', '5.74']
Image: 181 (1.23s) | Score: 113.108 (Repetitions: 0) | Time steps: 4063 | Learning steps: 50
First 10 actions: [5, 4, 6, 1, 9, 7, 3, 0, 2, 12]
Rewards of actions: ['55.33', '23.17', '0.00', '0.00', '16.34', '0.00', '0.00', '0.00', '0.00', '5.74']
Image: 182 (1.24s) | Score: 113.499 (Repetitions: 0) | Time steps: 4079 | Learning steps: 50
First 10 actions: [5, 4, 6, 1, 9, 7, 3, 0, 2, 12]
Rewards of actions: ['55.33', '23.17', '0.00', '0.00', '16.34', '0.00', '0.00', '0.00', '0.00', '5.74']
Image: 183 (13.50s) | Score: 113.108 (Repetitions: 0) | Time steps: 4095 | Learning steps: 51
First 10 actions: [5, 4, 6, 1, 9, 7, 3, 2, 0, 12]
Rewards of actions: ['55.33', '23.17', '0.00', '0.00', '16.34', '0.00', '0.00', '0.00', '0.00', '5.74']
Image: 184 (1.27s) | Score: 113.108 (Repetitions: 0) | Time steps: 4111 | Learning steps: 51
First 10 actions: [5, 4, 6, 1, 9, 7, 3, 2, 0, 12]
Rewards of actions: ['55.33', '23.17', '0.00', '0.00', '16.34', '0.00', '0.00', '0.00', '0.00', '5.74']
Image: 185 (1.26s) | Score: 113.108 (Repetitions: 0) | Time steps: 4127 | Learning steps: 51
First 10 actions: [5, 4, 6, 1, 9, 7, 3, 2, 0, 12]
Rewards of actions: ['55.33', '23.17', '0.00', '0.00', '16.34', '0.00', '0.00', '0.00', '0.00', '5.74']
Image: 186 (1.28s) | Score: 113.108 (Repetitions: 0) | Time steps: 4143 | Learning steps: 51
First 10 actions: [5, 4, 6, 1, 9, 7, 3, 2, 0, 12]
Rewards of actions: ['55.33', '23.17', '0.00', '0.00', '16.34', '0.00', '0.00', '0.00', '0.00', '5.74']
Image: 187 (1.26s) | Score: 113.108 (Repetitions: 0) | Time steps: 4159 | Learning steps: 51
First 10 actions: [5, 4, 6, 1, 9, 7, 3, 2, 0, 12]
Rewards of actions: ['55.33', '23.17', '0.00', '0.00', '16.34', '0.00', '0.00', '0.00', '0.00', '5.74']
Image: 188 (13.16s) | Score: 113.108 (Repetitions: 0) | Time steps: 4175 | Learning steps: 52
First 10 actions: [5, 4, 6, 1, 9, 7, 3, 2, 0, 12]
Rewards of actions: ['55.33', '23.17', '0.00', '0.00', '16.34', '0.00', '0.00', '0.00', '0.00', '5.74']
Image: 189 (1.26s) | Score: 113.108 (Repetitions: 0) | Time steps: 4191 | Learning steps: 52
First 10 actions: [5, 4, 6, 1, 9, 7, 3, 2, 0, 12]
Rewards of actions: ['55.33', '23.17', '0.00', '0.00', '16.34', '0.00', '0.00', '0.00', '0.00', '5.74']
Image: 190 (1.24s) | Score: 113.108 (Repetitions: 0) | Time steps: 4207 | Learning steps: 52
First 10 actions: [5, 4, 6, 1, 9, 7, 3, 0, 2, 12]
Rewards of actions: ['55.33', '23.17', '0.00', '0.00', '16.34', '0.00', '0.00', '0.00', '0.00', '5.74']
Image: 191 (1.24s) | Score: 113.108 (Repetitions: 0) | Time steps: 4223 | Learning steps: 52
First 10 actions: [5, 4, 6, 1, 9, 7, 3, 2, 0, 12]
Rewards of actions: ['55.33', '23.17', '0.00', '0.00', '16.34', '0.00', '0.00', '0.00', '0.00', '5.74']
Image: 192 (1.31s) | Score: 113.108 (Repetitions: 0) | Time steps: 4239 | Learning steps: 52
First 10 actions: [5, 4, 6, 1, 9, 7, 3, 2, 0, 12]
Rewards of actions: ['55.33', '23.17', '0.00', '0.00', '16.34', '0.00', '0.00', '0.00', '0.00', '5.74']
Image: 193 (13.76s) | Score: 113.108 (Repetitions: 0) | Time steps: 4255 | Learning steps: 53
First 10 actions: [5, 4, 6, 1, 9, 7, 3, 2, 0, 12]
Rewards of actions: ['55.33', '23.17', '0.00', '0.00', '16.34', '0.00', '0.00', '0.00', '0.00', '5.74']
Image: 194 (1.23s) | Score: 113.108 (Repetitions: 0) | Time steps: 4271 | Learning steps: 53
First 10 actions: [5, 4, 6, 1, 9, 7, 3, 2, 0, 12]
Rewards of actions: ['55.33', '23.17', '0.00', '0.00', '16.34', '0.00', '0.00', '0.00', '0.00', '5.74']
Image: 195 (1.29s) | Score: 113.108 (Repetitions: 0) | Time steps: 4287 | Learning steps: 53
First 10 actions: [5, 4, 6, 1, 9, 7, 3, 2, 0, 12]
Rewards of actions: ['55.33', '23.17', '0.00', '0.00', '16.34', '0.00', '0.00', '0.00', '0.00', '5.74']
Image: 196 (1.31s) | Score: 113.108 (Repetitions: 0) | Time steps: 4303 | Learning steps: 53
First 10 actions: [5, 4, 6, 1, 9, 7, 3, 2, 0, 12]
Rewards of actions: ['55.33', '23.17', '0.00', '0.00', '16.34', '0.00', '0.00', '0.00', '0.00', '5.74']
Image: 197 (1.24s) | Score: 113.108 (Repetitions: 0) | Time steps: 4319 | Learning steps: 53
First 10 actions: [5, 4, 6, 1, 9, 7, 3, 2, 0, 12]
Rewards of actions: ['55.33', '23.17', '0.00', '0.00', '16.34', '0.00', '0.00', '0.00', '0.00', '5.74']
Image: 198 (13.60s) | Score: 113.108 (Repetitions: 0) | Time steps: 4335 | Learning steps: 54
First 10 actions: [5, 4, 6, 1, 9, 7, 3, 2, 0, 12]
Rewards of actions: ['55.33', '23.17', '0.00', '0.00', '16.34', '0.00', '0.00', '0.00', '0.00', '5.74']
Image: 199 (1.27s) | Score: 113.108 (Repetitions: 0) | Time steps: 4351 | Learning steps: 54
First 10 actions: [5, 4, 6, 1, 9, 7, 3, 0, 2, 12]
Rewards of actions: ['55.33', '23.17', '0.00', '0.00', '16.34', '0.00', '0.00', '0.00', '0.00', '5.74']
Image: 200 (1.23s) | Score: 113.108 (Repetitions: 0) | Time steps: 4367 | Learning steps: 54
First 10 actions: [5, 4, 6, 1, 9, 7, 3, 2, 0, 12]
Rewards of actions: ['55.33', '23.17', '0.00', '0.00', '16.34', '0.00', '0.00', '0.00', '0.00', '5.74']
Image: 201 (1.24s) | Score: 113.108 (Repetitions: 0) | Time steps: 4383 | Learning steps: 54
First 10 actions: [5, 4, 6, 1, 9, 7, 3, 0, 2, 12]
Rewards of actions: ['55.33', '23.17', '0.00', '0.00', '16.34', '0.00', '0.00', '0.00', '0.00', '5.74']
Image: 202 (1.24s) | Score: 113.108 (Repetitions: 0) | Time steps: 4399 | Learning steps: 54
First 10 actions: [5, 4, 6, 1, 9, 7, 3, 2, 0, 12]
Rewards of actions: ['55.33', '23.17', '0.00', '0.00', '16.34', '0.00', '0.00', '0.00', '0.00', '5.74']
Image: 203 (13.06s) | Score: 113.108 (Repetitions: 0) | Time steps: 4415 | Learning steps: 55
First 10 actions: [5, 4, 6, 1, 9, 7, 3, 2, 0, 12]
Rewards of actions: ['55.33', '23.17', '0.00', '0.00', '16.34', '0.00', '0.00', '0.00', '0.00', '5.74']
Image: 204 (1.23s) | Score: 113.108 (Repetitions: 0) | Time steps: 4431 | Learning steps: 55
First 10 actions: [5, 4, 6, 1, 9, 7, 3, 0, 2, 12]
Rewards of actions: ['55.33', '23.17', '0.00', '0.00', '16.34', '0.00', '0.00', '0.00', '0.00', '5.74']
Image: 205 (1.23s) | Score: 112.617 (Repetitions: 0) | Time steps: 4447 | Learning steps: 55
First 10 actions: [5, 4, 6, 1, 9, 7, 3, 2, 0, 12]
Rewards of actions: ['55.33', '23.17', '0.00', '0.00', '16.34', '0.00', '0.00', '0.00', '0.00', '5.74']
Image: 206 (1.25s) | Score: 113.108 (Repetitions: 0) | Time steps: 4463 | Learning steps: 55
First 10 actions: [5, 4, 6, 1, 9, 7, 3, 2, 0, 12]
Rewards of actions: ['55.33', '23.17', '0.00', '0.00', '16.34', '0.00', '0.00', '0.00', '0.00', '5.74']
Image: 207 (1.24s) | Score: 113.108 (Repetitions: 0) | Time steps: 4479 | Learning steps: 55
First 10 actions: [5, 4, 6, 1, 9, 7, 3, 2, 0, 12]
Rewards of actions: ['55.33', '23.17', '0.00', '0.00', '16.34', '0.00', '0.00', '0.00', '0.00', '5.74']
Image: 208 (13.09s) | Score: 113.108 (Repetitions: 0) | Time steps: 4495 | Learning steps: 56
First 10 actions: [5, 4, 6, 1, 9, 7, 3, 2, 0, 12]
Rewards of actions: ['55.33', '23.17', '0.00', '0.00', '16.34', '0.00', '0.00', '0.00', '0.00', '5.74']
Image: 209 (1.27s) | Score: 113.108 (Repetitions: 0) | Time steps: 4511 | Learning steps: 56
First 10 actions: [5, 4, 6, 1, 9, 7, 3, 2, 0, 12]
Rewards of actions: ['55.33', '23.17', '0.00', '0.00', '16.34', '0.00', '0.00', '0.00', '0.00', '5.74']
Image: 210 (1.23s) | Score: 113.925 (Repetitions: 0) | Time steps: 4527 | Learning steps: 56
First 10 actions: [5, 4, 6, 1, 9, 7, 3, 2, 0, 12]
Rewards of actions: ['55.33', '23.17', '0.00', '0.00', '16.34', '0.00', '0.00', '0.00', '0.00', '5.74']
Image: 211 (1.23s) | Score: 113.108 (Repetitions: 0) | Time steps: 4543 | Learning steps: 56
First 10 actions: [5, 4, 6, 1, 9, 7, 3, 2, 0, 12]
Rewards of actions: ['55.33', '23.17', '0.00', '0.00', '16.34', '0.00', '0.00', '0.00', '0.00', '5.74']
Image: 212 (1.26s) | Score: 113.108 (Repetitions: 0) | Time steps: 4559 | Learning steps: 56
First 10 actions: [5, 4, 6, 1, 9, 7, 3, 2, 0, 12]
Rewards of actions: ['55.33', '23.17', '0.00', '0.00', '16.34', '0.00', '0.00', '0.00', '0.00', '5.74']
Image: 213 (13.26s) | Score: 113.108 (Repetitions: 0) | Time steps: 4575 | Learning steps: 57
First 10 actions: [5, 4, 6, 1, 9, 7, 3, 2, 0, 12]
Rewards of actions: ['55.33', '23.17', '0.00', '0.00', '16.34', '0.00', '0.00', '0.00', '0.00', '5.74']
Image: 214 (1.25s) | Score: 113.108 (Repetitions: 0) | Time steps: 4591 | Learning steps: 57
First 10 actions: [5, 4, 6, 1, 9, 7, 3, 2, 0, 12]
Rewards of actions: ['55.33', '23.17', '0.00', '0.00', '16.34', '0.00', '0.00', '0.00', '0.00', '5.74']
Image: 215 (1.25s) | Score: 113.108 (Repetitions: 0) | Time steps: 4607 | Learning steps: 57
First 10 actions: [5, 4, 6, 1, 9, 7, 3, 2, 0, 12]
Rewards of actions: ['55.33', '23.17', '0.00', '0.00', '16.34', '0.00', '0.00', '0.00', '0.00', '5.74']
Image: 216 (1.26s) | Score: 113.108 (Repetitions: 0) | Time steps: 4623 | Learning steps: 57
First 10 actions: [5, 4, 6, 1, 9, 7, 3, 2, 0, 12]
Rewards of actions: ['55.33', '23.17', '0.00', '0.00', '16.34', '0.00', '0.00', '0.00', '0.00', '5.74']
Image: 217 (1.23s) | Score: 113.108 (Repetitions: 0) | Time steps: 4639 | Learning steps: 57
First 10 actions: [5, 4, 6, 1, 9, 7, 3, 2, 0, 12]
Rewards of actions: ['55.33', '23.17', '0.00', '0.00', '16.34', '0.00', '0.00', '0.00', '0.00', '5.74']
Image: 218 (12.94s) | Score: 113.108 (Repetitions: 0) | Time steps: 4655 | Learning steps: 58
First 10 actions: [5, 4, 6, 1, 9, 7, 3, 2, 0, 12]
Rewards of actions: ['55.33', '23.17', '0.00', '0.00', '16.34', '0.00', '0.00', '0.00', '0.00', '5.74']
Image: 219 (1.26s) | Score: 113.108 (Repetitions: 0) | Time steps: 4671 | Learning steps: 58
First 10 actions: [5, 4, 6, 1, 9, 7, 3, 2, 0, 12]
Rewards of actions: ['55.33', '23.17', '0.00', '0.00', '16.34', '0.00', '0.00', '0.00', '0.00', '5.74']
Image: 220 (1.24s) | Score: 113.108 (Repetitions: 0) | Time steps: 4687 | Learning steps: 58
First 10 actions: [5, 4, 6, 1, 9, 7, 3, 2, 0, 12]
Rewards of actions: ['55.33', '23.17', '0.00', '0.00', '16.34', '0.00', '0.00', '0.00', '0.00', '5.74']
Image: 221 (1.24s) | Score: 113.108 (Repetitions: 0) | Time steps: 4703 | Learning steps: 58
First 10 actions: [5, 4, 6, 1, 9, 7, 3, 2, 0, 12]
Rewards of actions: ['55.33', '23.17', '0.00', '0.00', '16.34', '0.00', '0.00', '0.00', '0.00', '5.74']
Image: 222 (1.24s) | Score: 113.108 (Repetitions: 0) | Time steps: 4719 | Learning steps: 58
First 10 actions: [5, 4, 6, 1, 9, 7, 3, 2, 0, 12]
Rewards of actions: ['55.33', '23.17', '0.00', '0.00', '16.34', '0.00', '0.00', '0.00', '0.00', '5.74']
Image: 223 (13.09s) | Score: 113.108 (Repetitions: 0) | Time steps: 4735 | Learning steps: 59
First 10 actions: [5, 4, 6, 1, 9, 7, 3, 2, 0, 12]
Rewards of actions: ['55.33', '23.17', '0.00', '0.00', '16.34', '0.00', '0.00', '0.00', '0.00', '5.74']
Image: 224 (1.24s) | Score: 113.108 (Repetitions: 0) | Time steps: 4751 | Learning steps: 59
First 10 actions: [5, 4, 6, 1, 9, 7, 3, 2, 0, 12]
Rewards of actions: ['55.33', '23.17', '0.00', '0.00', '16.34', '0.00', '0.00', '0.00', '0.00', '5.74']
Image: 225 (1.27s) | Score: 113.108 (Repetitions: 0) | Time steps: 4767 | Learning steps: 59
First 10 actions: [5, 4, 6, 1, 9, 7, 3, 2, 0, 12]
Rewards of actions: ['55.33', '23.17', '0.00', '0.00', '16.34', '0.00', '0.00', '0.00', '0.00', '5.74']
Image: 226 (1.25s) | Score: 113.108 (Repetitions: 0) | Time steps: 4783 | Learning steps: 59
First 10 actions: [5, 4, 6, 1, 9, 7, 3, 2, 0, 12]
Rewards of actions: ['55.33', '23.17', '0.00', '0.00', '16.34', '0.00', '0.00', '0.00', '0.00', '5.74']
Image: 227 (1.24s) | Score: 113.108 (Repetitions: 0) | Time steps: 4799 | Learning steps: 59
First 10 actions: [5, 4, 6, 1, 9, 7, 3, 2, 0, 12]
Rewards of actions: ['55.33', '23.17', '0.00', '0.00', '16.34', '0.00', '0.00', '0.00', '0.00', '5.74']
Image: 228 (13.07s) | Score: 113.108 (Repetitions: 0) | Time steps: 4815 | Learning steps: 60
First 10 actions: [5, 4, 6, 1, 9, 7, 3, 2, 0, 12]
Rewards of actions: ['55.33', '23.17', '0.00', '0.00', '16.34', '0.00', '0.00', '0.00', '0.00', '5.74']
Image: 229 (1.27s) | Score: 113.108 (Repetitions: 0) | Time steps: 4831 | Learning steps: 60
First 10 actions: [5, 4, 6, 1, 9, 7, 3, 2, 0, 12]
Rewards of actions: ['55.33', '23.17', '0.00', '0.00', '16.34', '0.00', '0.00', '0.00', '0.00', '5.74']
Image: 230 (1.25s) | Score: 113.108 (Repetitions: 0) | Time steps: 4847 | Learning steps: 60
First 10 actions: [5, 4, 6, 1, 9, 7, 3, 2, 0, 12]
Rewards of actions: ['55.33', '23.17', '0.00', '0.00', '16.34', '0.00', '0.00', '0.00', '0.00', '5.74']
Image: 231 (1.23s) | Score: 113.108 (Repetitions: 0) | Time steps: 4863 | Learning steps: 60
First 10 actions: [5, 4, 6, 1, 9, 7, 3, 2, 0, 12]
Rewards of actions: ['55.33', '23.17', '0.00', '0.00', '16.34', '0.00', '0.00', '0.00', '0.00', '5.74']
Image: 232 (1.23s) | Score: 113.486 (Repetitions: 0) | Time steps: 4879 | Learning steps: 60
First 10 actions: [5, 4, 6, 1, 9, 7, 3, 2, 0, 12]
Rewards of actions: ['55.33', '23.17', '0.00', '0.00', '16.34', '0.00', '0.00', '0.00', '0.00', '5.74']
Image: 233 (13.04s) | Score: 113.486 (Repetitions: 0) | Time steps: 4895 | Learning steps: 61
First 10 actions: [5, 4, 6, 1, 9, 7, 3, 2, 0, 12]
Rewards of actions: ['55.33', '23.17', '0.00', '0.00', '16.34', '0.00', '0.00', '0.00', '0.00', '5.74']
Image: 234 (1.26s) | Score: 113.108 (Repetitions: 0) | Time steps: 4911 | Learning steps: 61
First 10 actions: [5, 4, 6, 1, 9, 7, 3, 2, 0, 12]
Rewards of actions: ['55.33', '23.17', '0.00', '0.00', '16.34', '0.00', '0.00', '0.00', '0.00', '5.74']
Image: 235 (1.25s) | Score: 113.108 (Repetitions: 0) | Time steps: 4927 | Learning steps: 61
First 10 actions: [5, 4, 6, 1, 9, 7, 3, 2, 0, 12]
Rewards of actions: ['55.33', '23.17', '0.00', '0.00', '16.34', '0.00', '0.00', '0.00', '0.00', '5.74']
Image: 236 (1.24s) | Score: 113.108 (Repetitions: 0) | Time steps: 4943 | Learning steps: 61
First 10 actions: [5, 4, 6, 1, 9, 7, 3, 2, 0, 12]
Rewards of actions: ['55.33', '23.17', '0.00', '0.00', '16.34', '0.00', '0.00', '0.00', '0.00', '5.74']
Image: 237 (1.26s) | Score: 113.108 (Repetitions: 0) | Time steps: 4959 | Learning steps: 61
First 10 actions: [5, 4, 6, 1, 9, 7, 3, 2, 0, 12]
Rewards of actions: ['55.33', '23.17', '0.00', '0.00', '16.34', '0.00', '0.00', '0.00', '0.00', '5.74']
Image: 238 (13.43s) | Score: 113.108 (Repetitions: 0) | Time steps: 4975 | Learning steps: 62
First 10 actions: [5, 4, 6, 1, 9, 7, 3, 2, 0, 12]
Rewards of actions: ['55.33', '23.17', '0.00', '0.00', '16.34', '0.00', '0.00', '0.00', '0.00', '5.74']
Image: 239 (1.26s) | Score: 113.108 (Repetitions: 0) | Time steps: 4991 | Learning steps: 62
First 10 actions: [5, 4, 6, 1, 9, 7, 3, 2, 0, 12]
Rewards of actions: ['55.33', '23.17', '0.00', '0.00', '16.34', '0.00', '0.00', '0.00', '0.00', '5.74']
Image: 240 (1.24s) | Score: 113.108 (Repetitions: 0) | Time steps: 5007 | Learning steps: 62
First 10 actions: [5, 4, 6, 1, 9, 7, 3, 2, 0, 12]
Rewards of actions: ['55.33', '23.17', '0.00', '0.00', '16.34', '0.00', '0.00', '0.00', '0.00', '5.74']
Image: 241 (1.26s) | Score: 112.617 (Repetitions: 0) | Time steps: 5023 | Learning steps: 62
First 10 actions: [5, 4, 6, 1, 9, 7, 3, 2, 0, 12]
Rewards of actions: ['55.33', '23.17', '0.00', '0.00', '16.34', '0.00', '0.00', '0.00', '0.00', '5.74']
Image: 242 (1.26s) | Score: 113.108 (Repetitions: 0) | Time steps: 5039 | Learning steps: 62
First 10 actions: [5, 4, 6, 1, 9, 7, 3, 2, 0, 12]
Rewards of actions: ['55.33', '23.17', '0.00', '0.00', '16.34', '0.00', '0.00', '0.00', '0.00', '5.74']
Image: 243 (13.57s) | Score: 113.108 (Repetitions: 0) | Time steps: 5055 | Learning steps: 63
First 10 actions: [5, 4, 6, 1, 9, 7, 3, 2, 0, 12]
Rewards of actions: ['55.33', '23.17', '0.00', '0.00', '16.34', '0.00', '0.00', '0.00', '0.00', '5.74']
Image: 244 (1.24s) | Score: 113.108 (Repetitions: 0) | Time steps: 5071 | Learning steps: 63
First 10 actions: [5, 4, 6, 1, 9, 7, 3, 2, 0, 12]
Rewards of actions: ['55.33', '23.17', '0.00', '0.00', '16.34', '0.00', '0.00', '0.00', '0.00', '5.74']
Image: 245 (1.26s) | Score: 113.108 (Repetitions: 0) | Time steps: 5087 | Learning steps: 63
First 10 actions: [5, 4, 6, 1, 9, 7, 3, 2, 0, 12]
Rewards of actions: ['55.33', '23.17', '0.00', '0.00', '16.34', '0.00', '0.00', '0.00', '0.00', '5.74']
Image: 246 (1.30s) | Score: 113.108 (Repetitions: 0) | Time steps: 5103 | Learning steps: 63
First 10 actions: [5, 4, 6, 1, 9, 7, 3, 2, 0, 12]
Rewards of actions: ['55.33', '23.17', '0.00', '0.00', '16.34', '0.00', '0.00', '0.00', '0.00', '5.74']
Image: 247 (1.26s) | Score: 113.108 (Repetitions: 0) | Time steps: 5119 | Learning steps: 63
First 10 actions: [5, 4, 6, 1, 9, 7, 3, 2, 0, 12]
Rewards of actions: ['55.33', '23.17', '0.00', '0.00', '16.34', '0.00', '0.00', '0.00', '0.00', '5.74']
Image: 248 (13.77s) | Score: 113.108 (Repetitions: 0) | Time steps: 5135 | Learning steps: 64
First 10 actions: [5, 4, 6, 1, 9, 7, 3, 2, 0, 12]
Rewards of actions: ['55.33', '23.17', '0.00', '0.00', '16.34', '0.00', '0.00', '0.00', '0.00', '5.74']
Image: 249 (1.25s) | Score: 113.108 (Repetitions: 0) | Time steps: 5151 | Learning steps: 64
First 10 actions: [5, 4, 6, 1, 9, 7, 3, 2, 0, 12]
Rewards of actions: ['55.33', '23.17', '0.00', '0.00', '16.34', '0.00', '0.00', '0.00', '0.00', '5.74']
Image: 250 (1.26s) | Score: 113.108 (Repetitions: 0) | Time steps: 5167 | Learning steps: 64
First 10 actions: [5, 4, 6, 1, 9, 7, 3, 2, 0, 12]
Rewards of actions: ['55.33', '23.17', '0.00', '0.00', '16.34', '0.00', '0.00', '0.00', '0.00', '5.74']
Image: 251 (1.27s) | Score: 113.108 (Repetitions: 0) | Time steps: 5183 | Learning steps: 64
First 10 actions: [5, 4, 6, 1, 9, 7, 3, 2, 0, 12]
Rewards of actions: ['55.33', '23.17', '0.00', '0.00', '16.34', '0.00', '0.00', '0.00', '0.00', '5.74']
Image: 252 (1.25s) | Score: 113.108 (Repetitions: 0) | Time steps: 5199 | Learning steps: 64
First 10 actions: [5, 4, 6, 1, 9, 7, 3, 2, 0, 12]
Rewards of actions: ['55.33', '23.17', '0.00', '0.00', '16.34', '0.00', '0.00', '0.00', '0.00', '5.74']
Image: 253 (13.80s) | Score: 113.108 (Repetitions: 0) | Time steps: 5215 | Learning steps: 65
First 10 actions: [5, 4, 6, 1, 9, 7, 3, 2, 0, 12]
Rewards of actions: ['55.33', '23.17', '0.00', '0.00', '16.34', '0.00', '0.00', '0.00', '0.00', '5.74']
Image: 254 (1.24s) | Score: 113.108 (Repetitions: 0) | Time steps: 5231 | Learning steps: 65
First 10 actions: [5, 4, 6, 1, 9, 7, 3, 2, 0, 12]
Rewards of actions: ['55.33', '23.17', '0.00', '0.00', '16.34', '0.00', '0.00', '0.00', '0.00', '5.74']
Image: 255 (1.26s) | Score: 113.108 (Repetitions: 0) | Time steps: 5247 | Learning steps: 65
First 10 actions: [5, 4, 6, 1, 9, 7, 3, 2, 0, 12]
Rewards of actions: ['55.33', '23.17', '0.00', '0.00', '16.34', '0.00', '0.00', '0.00', '0.00', '5.74']
Image: 256 (1.23s) | Score: 113.108 (Repetitions: 0) | Time steps: 5263 | Learning steps: 65
First 10 actions: [5, 4, 6, 1, 9, 7, 3, 2, 0, 12]
Rewards of actions: ['55.33', '23.17', '0.00', '0.00', '16.34', '0.00', '0.00', '0.00', '0.00', '5.74']
Image: 257 (1.28s) | Score: 113.108 (Repetitions: 0) | Time steps: 5279 | Learning steps: 65
First 10 actions: [5, 4, 6, 1, 9, 7, 3, 2, 0, 12]
Rewards of actions: ['55.33', '23.17', '0.00', '0.00', '16.34', '0.00', '0.00', '0.00', '0.00', '5.74']
Image: 258 (13.09s) | Score: 113.108 (Repetitions: 0) | Time steps: 5295 | Learning steps: 66
First 10 actions: [5, 4, 6, 1, 9, 7, 3, 2, 0, 12]
Rewards of actions: ['55.33', '23.17', '0.00', '0.00', '16.34', '0.00', '0.00', '0.00', '0.00', '5.74']
Image: 259 (1.24s) | Score: 113.108 (Repetitions: 0) | Time steps: 5311 | Learning steps: 66
First 10 actions: [5, 4, 6, 1, 9, 7, 3, 2, 0, 12]
Rewards of actions: ['55.33', '23.17', '0.00', '0.00', '16.34', '0.00', '0.00', '0.00', '0.00', '5.74']
Image: 260 (1.24s) | Score: 113.108 (Repetitions: 0) | Time steps: 5327 | Learning steps: 66
First 10 actions: [5, 4, 6, 1, 9, 7, 3, 2, 0, 12]
Rewards of actions: ['55.33', '23.17', '0.00', '0.00', '16.34', '0.00', '0.00', '0.00', '0.00', '5.74']
Image: 261 (1.25s) | Score: 113.108 (Repetitions: 0) | Time steps: 5343 | Learning steps: 66
First 10 actions: [5, 4, 6, 1, 9, 7, 3, 2, 0, 12]
Rewards of actions: ['55.33', '23.17', '0.00', '0.00', '16.34', '0.00', '0.00', '0.00', '0.00', '5.74']
Image: 262 (1.25s) | Score: 113.108 (Repetitions: 0) | Time steps: 5359 | Learning steps: 66
First 10 actions: [5, 4, 6, 1, 9, 7, 3, 2, 0, 12]
Rewards of actions: ['55.33', '23.17', '0.00', '0.00', '16.34', '0.00', '0.00', '0.00', '0.00', '5.74']
Image: 263 (13.06s) | Score: 113.108 (Repetitions: 0) | Time steps: 5375 | Learning steps: 67
First 10 actions: [5, 4, 6, 1, 9, 7, 3, 2, 0, 12]
Rewards of actions: ['55.33', '23.17', '0.00', '0.00', '16.34', '0.00', '0.00', '0.00', '0.00', '5.74']
Image: 264 (1.26s) | Score: 113.108 (Repetitions: 0) | Time steps: 5391 | Learning steps: 67
First 10 actions: [5, 4, 6, 1, 9, 7, 3, 2, 0, 12]
Rewards of actions: ['55.33', '23.17', '0.00', '0.00', '16.34', '0.00', '0.00', '0.00', '0.00', '5.74']
Image: 265 (1.24s) | Score: 113.108 (Repetitions: 0) | Time steps: 5407 | Learning steps: 67
First 10 actions: [5, 4, 6, 1, 9, 7, 3, 2, 0, 12]
Rewards of actions: ['55.33', '23.17', '0.00', '0.00', '16.34', '0.00', '0.00', '0.00', '0.00', '5.74']
Image: 266 (1.28s) | Score: 113.108 (Repetitions: 0) | Time steps: 5423 | Learning steps: 67
First 10 actions: [5, 4, 6, 1, 9, 7, 3, 2, 0, 12]
Rewards of actions: ['55.33', '23.17', '0.00', '0.00', '16.34', '0.00', '0.00', '0.00', '0.00', '5.74']
Image: 267 (1.25s) | Score: 113.108 (Repetitions: 0) | Time steps: 5439 | Learning steps: 67
First 10 actions: [5, 4, 6, 1, 9, 7, 3, 2, 0, 12]
Rewards of actions: ['55.33', '23.17', '0.00', '0.00', '16.34', '0.00', '0.00', '0.00', '0.00', '5.74']
Image: 268 (13.24s) | Score: 113.108 (Repetitions: 0) | Time steps: 5455 | Learning steps: 68
First 10 actions: [5, 4, 6, 1, 9, 7, 3, 2, 0, 12]
Rewards of actions: ['55.33', '23.17', '0.00', '0.00', '16.34', '0.00', '0.00', '0.00', '0.00', '5.74']
Image: 269 (1.25s) | Score: 113.108 (Repetitions: 0) | Time steps: 5471 | Learning steps: 68
First 10 actions: [5, 4, 6, 1, 9, 7, 3, 2, 0, 12]
Rewards of actions: ['55.33', '23.17', '0.00', '0.00', '16.34', '0.00', '0.00', '0.00', '0.00', '5.74']
Image: 270 (1.29s) | Score: 113.108 (Repetitions: 0) | Time steps: 5487 | Learning steps: 68
First 10 actions: [5, 4, 6, 1, 9, 7, 3, 2, 0, 12]
Rewards of actions: ['55.33', '23.17', '0.00', '0.00', '16.34', '0.00', '0.00', '0.00', '0.00', '5.74']
Image: 271 (1.26s) | Score: 113.108 (Repetitions: 0) | Time steps: 5503 | Learning steps: 68
First 10 actions: [5, 4, 6, 1, 9, 7, 3, 2, 0, 12]
Rewards of actions: ['55.33', '23.17', '0.00', '0.00', '16.34', '0.00', '0.00', '0.00', '0.00', '5.74']
Image: 272 (1.24s) | Score: 113.108 (Repetitions: 0) | Time steps: 5519 | Learning steps: 68
First 10 actions: [5, 4, 6, 1, 9, 7, 3, 2, 0, 12]
Rewards of actions: ['55.33', '23.17', '0.00', '0.00', '16.34', '0.00', '0.00', '0.00', '0.00', '5.74']
Image: 273 (13.74s) | Score: 113.108 (Repetitions: 0) | Time steps: 5535 | Learning steps: 69
First 10 actions: [5, 4, 6, 1, 9, 7, 3, 2, 0, 12]
Rewards of actions: ['55.33', '23.17', '0.00', '0.00', '16.34', '0.00', '0.00', '0.00', '0.00', '5.74']
Image: 274 (1.26s) | Score: 113.108 (Repetitions: 0) | Time steps: 5551 | Learning steps: 69
First 10 actions: [5, 4, 6, 1, 9, 7, 3, 2, 0, 12]
Rewards of actions: ['55.33', '23.17', '0.00', '0.00', '16.34', '0.00', '0.00', '0.00', '0.00', '5.74']
Image: 275 (1.24s) | Score: 113.108 (Repetitions: 0) | Time steps: 5567 | Learning steps: 69
First 10 actions: [5, 4, 6, 1, 9, 7, 3, 2, 0, 12]
Rewards of actions: ['55.33', '23.17', '0.00', '0.00', '16.34', '0.00', '0.00', '0.00', '0.00', '5.74']
Image: 276 (1.24s) | Score: 113.108 (Repetitions: 0) | Time steps: 5583 | Learning steps: 69
First 10 actions: [5, 4, 6, 1, 9, 7, 3, 2, 0, 12]
Rewards of actions: ['55.33', '23.17', '0.00', '0.00', '16.34', '0.00', '0.00', '0.00', '0.00', '5.74']
Image: 277 (1.24s) | Score: 113.108 (Repetitions: 0) | Time steps: 5599 | Learning steps: 69
First 10 actions: [5, 4, 6, 1, 9, 7, 3, 2, 0, 12]
Rewards of actions: ['55.33', '23.17', '0.00', '0.00', '16.34', '0.00', '0.00', '0.00', '0.00', '5.74']
Image: 278 (13.55s) | Score: 113.108 (Repetitions: 0) | Time steps: 5615 | Learning steps: 70
First 10 actions: [5, 4, 6, 1, 9, 7, 3, 2, 0, 12]
Rewards of actions: ['55.33', '23.17', '0.00', '0.00', '16.34', '0.00', '0.00', '0.00', '0.00', '5.74']
Image: 279 (1.24s) | Score: 113.108 (Repetitions: 0) | Time steps: 5631 | Learning steps: 70
First 10 actions: [5, 4, 6, 1, 9, 7, 3, 2, 0, 12]
Rewards of actions: ['55.33', '23.17', '0.00', '0.00', '16.34', '0.00', '0.00', '0.00', '0.00', '5.74']
Image: 280 (1.29s) | Score: 113.108 (Repetitions: 0) | Time steps: 5647 | Learning steps: 70
First 10 actions: [5, 4, 6, 1, 9, 7, 3, 2, 0, 12]
Rewards of actions: ['55.33', '23.17', '0.00', '0.00', '16.34', '0.00', '0.00', '0.00', '0.00', '5.74']
Image: 281 (1.24s) | Score: 113.108 (Repetitions: 0) | Time steps: 5663 | Learning steps: 70
First 10 actions: [5, 4, 6, 1, 9, 7, 3, 2, 0, 12]
Rewards of actions: ['55.33', '23.17', '0.00', '0.00', '16.34', '0.00', '0.00', '0.00', '0.00', '5.74']
Image: 282 (1.26s) | Score: 113.108 (Repetitions: 0) | Time steps: 5679 | Learning steps: 70
First 10 actions: [5, 4, 6, 1, 9, 7, 3, 2, 0, 12]
Rewards of actions: ['55.33', '23.17', '0.00', '0.00', '16.34', '0.00', '0.00', '0.00', '0.00', '5.74']
Image: 283 (13.73s) | Score: 113.108 (Repetitions: 0) | Time steps: 5695 | Learning steps: 71
First 10 actions: [5, 4, 6, 1, 9, 7, 3, 2, 0, 12]
Rewards of actions: ['55.33', '23.17', '0.00', '0.00', '16.34', '0.00', '0.00', '0.00', '0.00', '5.74']
Image: 284 (1.26s) | Score: 113.108 (Repetitions: 0) | Time steps: 5711 | Learning steps: 71
First 10 actions: [5, 4, 6, 1, 9, 7, 3, 2, 0, 12]
Rewards of actions: ['55.33', '23.17', '0.00', '0.00', '16.34', '0.00', '0.00', '0.00', '0.00', '5.74']
Image: 285 (1.26s) | Score: 113.108 (Repetitions: 0) | Time steps: 5727 | Learning steps: 71
First 10 actions: [5, 4, 6, 1, 9, 7, 3, 2, 0, 12]
Rewards of actions: ['55.33', '23.17', '0.00', '0.00', '16.34', '0.00', '0.00', '0.00', '0.00', '5.74']
Image: 286 (1.26s) | Score: 113.108 (Repetitions: 0) | Time steps: 5743 | Learning steps: 71
First 10 actions: [5, 4, 6, 1, 9, 7, 3, 2, 0, 12]
Rewards of actions: ['55.33', '23.17', '0.00', '0.00', '16.34', '0.00', '0.00', '0.00', '0.00', '5.74']
Image: 287 (1.27s) | Score: 113.108 (Repetitions: 0) | Time steps: 5759 | Learning steps: 71
First 10 actions: [5, 4, 6, 1, 9, 7, 3, 2, 0, 12]
Rewards of actions: ['55.33', '23.17', '0.00', '0.00', '16.34', '0.00', '0.00', '0.00', '0.00', '5.74']
Image: 288 (13.80s) | Score: 113.108 (Repetitions: 0) | Time steps: 5775 | Learning steps: 72
First 10 actions: [5, 4, 6, 1, 9, 7, 3, 2, 0, 12]
Rewards of actions: ['55.33', '23.17', '0.00', '0.00', '16.34', '0.00', '0.00', '0.00', '0.00', '5.74']
Image: 289 (1.32s) | Score: 113.108 (Repetitions: 0) | Time steps: 5791 | Learning steps: 72
First 10 actions: [5, 4, 6, 1, 9, 7, 3, 2, 0, 12]
Rewards of actions: ['55.33', '23.17', '0.00', '0.00', '16.34', '0.00', '0.00', '0.00', '0.00', '5.74']
Image: 290 (1.26s) | Score: 113.108 (Repetitions: 0) | Time steps: 5807 | Learning steps: 72
First 10 actions: [5, 4, 6, 1, 9, 7, 3, 2, 0, 12]
Rewards of actions: ['55.33', '23.17', '0.00', '0.00', '16.34', '0.00', '0.00', '0.00', '0.00', '5.74']
Image: 291 (1.24s) | Score: 113.108 (Repetitions: 0) | Time steps: 5823 | Learning steps: 72
First 10 actions: [5, 4, 6, 1, 9, 7, 3, 2, 0, 12]
Rewards of actions: ['55.33', '23.17', '0.00', '0.00', '16.34', '0.00', '0.00', '0.00', '0.00', '5.74']
Image: 292 (1.23s) | Score: 113.108 (Repetitions: 0) | Time steps: 5839 | Learning steps: 72
First 10 actions: [5, 4, 6, 1, 9, 7, 3, 2, 0, 12]
Rewards of actions: ['55.33', '23.17', '0.00', '0.00', '16.34', '0.00', '0.00', '0.00', '0.00', '5.74']
Image: 293 (13.78s) | Score: 113.108 (Repetitions: 0) | Time steps: 5855 | Learning steps: 73
First 10 actions: [5, 4, 6, 1, 9, 7, 3, 2, 0, 12]
Rewards of actions: ['55.33', '23.17', '0.00', '0.00', '16.34', '0.00', '0.00', '0.00', '0.00', '5.74']
Image: 294 (1.25s) | Score: 113.108 (Repetitions: 0) | Time steps: 5871 | Learning steps: 73
First 10 actions: [5, 4, 6, 1, 9, 7, 3, 2, 0, 12]
Rewards of actions: ['55.33', '23.17', '0.00', '0.00', '16.34', '0.00', '0.00', '0.00', '0.00', '5.74']
Image: 295 (1.24s) | Score: 113.108 (Repetitions: 0) | Time steps: 5887 | Learning steps: 73
First 10 actions: [5, 4, 6, 1, 9, 7, 3, 2, 0, 12]
Rewards of actions: ['55.33', '23.17', '0.00', '0.00', '16.34', '0.00', '0.00', '0.00', '0.00', '5.74']
Image: 296 (1.25s) | Score: 113.108 (Repetitions: 0) | Time steps: 5903 | Learning steps: 73
First 10 actions: [5, 4, 6, 1, 9, 7, 3, 2, 0, 12]
Rewards of actions: ['55.33', '23.17', '0.00', '0.00', '16.34', '0.00', '0.00', '0.00', '0.00', '5.74']
Image: 297 (1.24s) | Score: 113.108 (Repetitions: 0) | Time steps: 5919 | Learning steps: 73
First 10 actions: [5, 4, 6, 1, 9, 7, 3, 2, 0, 12]
Rewards of actions: ['55.33', '23.17', '0.00', '0.00', '16.34', '0.00', '0.00', '0.00', '0.00', '5.74']
Image: 298 (13.83s) | Score: 113.108 (Repetitions: 0) | Time steps: 5935 | Learning steps: 74
First 10 actions: [5, 4, 6, 1, 9, 7, 3, 2, 0, 12]
Rewards of actions: ['55.33', '23.17', '0.00', '0.00', '16.34', '0.00', '0.00', '0.00', '0.00', '5.74']
Image: 299 (1.24s) | Score: 113.108 (Repetitions: 0) | Time steps: 5951 | Learning steps: 74
First 10 actions: [5, 4, 6, 1, 9, 7, 3, 2, 0, 12]
Rewards of actions: ['55.33', '23.17', '0.00', '0.00', '16.34', '0.00', '0.00', '0.00', '0.00', '5.74']
